Fri Dec 05 17:34:18 Saved as file C:\USERS\DAN\DOCUMENTS\GITHUB\SOLAR_PANEL_MONITORING\SPMON_2025\PRJ.HW\ORCAD_SCHEMATIC_LAYOUT\SPMON_SLAVEBOARD\LAYOUT\SPMON_SLAVEBOARD.MAX
Fri Dec 05 17:34:18 Saved as file BACKUP1.MAX
Fri Dec 05 17:34:18 Saved as file C:\USERS\DAN\DOCUMENTS\GITHUB\SOLAR_PANEL_MONITORING\SPMON_2025\PRJ.HW\ORCAD_SCHEMATIC_LAYOUT\SPMON_SLAVEBOARD\LAYOUT\SPMON_SLAVEBOARD.MAX
Fri Dec 05 17:34:18 Error code 0031.772 (183)
Fri Dec 05 17:34:18 Windows which were open at time of error:
Fri Dec 05 17:34:18 End-of-list
Fri Dec 05 17:34:43 Saved as file C:\USERS\DAN\DOCUMENTS\GITHUB\SOLAR_PANEL_MONITORING\SPMON_2025\PRJ.HW\ORCAD_SCHEMATIC_LAYOUT\SPMON_SLAVEBOARD\LAYOUT\SPMON_SLAVEBOARD.MAX
Fri Dec 05 17:34:43 Saved as file BACKUP1.MAX
Fri Dec 05 17:34:43 Saved as file C:\USERS\DAN\DOCUMENTS\GITHUB\SOLAR_PANEL_MONITORING\SPMON_2025\PRJ.HW\ORCAD_SCHEMATIC_LAYOUT\SPMON_SLAVEBOARD\LAYOUT\SPMON_SLAVEBOARD.MAX
Fri Dec 05 17:34:44 Error code 0031.772 (183)
Fri Dec 05 17:34:44 Windows which were open at time of error:
Fri Dec 05 17:34:44 End-of-list
Tue Feb 03 21:47:39 Saved as file BACKUP1.MAX
Tue Feb 03 21:47:39 Saved as file C:\USERS\DAN\DOCUMENTS\GITHUB\SOLAR_PANEL_MONITORING\SPMON_2025\PRJ.HW\ORCAD_SCHEMATIC_LAYOUT\SPMON_SLAVEBOARD\LAYOUT\SPMON_SLAVEBOARD.MAX
Tue Feb 03 21:47:40 UserDiv from Layout.INI for AutoECO: 60
Tue Feb 03 21:47:40 Loaded file C:\USERS\DAN\DOCUMENTS\GITHUB\SOLAR_PANEL_MONITORING\SPMON_2025\PRJ.HW\ORCAD_SCHEMATIC_LAYOUT\SPMON_SLAVEBOARD\LAYOUT\SPMON_SLAVEBOARD.MAX
Tue Feb 03 21:47:40 Loaded file D:\ORCAD 9.2\ORCAD_FULL\LAYOUT_PLUS\LIBRARY\SPMON.LLB
Tue Feb 03 21:47:40 Loaded file d:\orcad 9.2\ORCAD_FULL\Layout_Plus\library\BCON100T.llb
Tue Feb 03 21:47:40 Loaded file d:\orcad 9.2\ORCAD_FULL\Layout_Plus\library\BCON156T.llb
Tue Feb 03 21:47:40 Loaded file d:\orcad 9.2\ORCAD_FULL\Layout_Plus\library\BGA.llb
Tue Feb 03 21:47:40 Loaded file d:\orcad 9.2\ORCAD_FULL\Layout_Plus\library\CLCC.llb
Tue Feb 03 21:47:40 Loaded file d:\orcad 9.2\ORCAD_FULL\Layout_Plus\library\DCON050T.llb
Tue Feb 03 21:47:40 Loaded file d:\orcad 9.2\ORCAD_FULL\Layout_Plus\library\DCON085T.llb
Tue Feb 03 21:47:40 Loaded file d:\orcad 9.2\ORCAD_FULL\Layout_Plus\library\DIMM050F.llb
Tue Feb 03 21:47:40 Loaded file d:\orcad 9.2\ORCAD_FULL\Layout_Plus\library\DIMM050T.llb
Tue Feb 03 21:47:40 Loaded file d:\orcad 9.2\ORCAD_FULL\Layout_Plus\library\DIN.llb
Tue Feb 03 21:47:40 Loaded file d:\orcad 9.2\ORCAD_FULL\Layout_Plus\library\DIP100B.llb
Tue Feb 03 21:47:40 Loaded file d:\orcad 9.2\ORCAD_FULL\Layout_Plus\library\DIP100T.llb
Tue Feb 03 21:47:40 Loaded file d:\orcad 9.2\ORCAD_FULL\Layout_Plus\library\DSUBT.llb
Tue Feb 03 21:47:40 Loaded file d:\orcad 9.2\ORCAD_FULL\Layout_Plus\library\DSUBT_HD.LLB
Tue Feb 03 21:47:40 Loaded file d:\orcad 9.2\ORCAD_FULL\Layout_Plus\library\ECON100T.llb
Tue Feb 03 21:47:40 Loaded file d:\orcad 9.2\ORCAD_FULL\Layout_Plus\library\FBUS.llb
Tue Feb 03 21:47:40 Loaded file d:\orcad 9.2\ORCAD_FULL\Layout_Plus\library\ISA.llb
Tue Feb 03 21:47:40 Loaded file d:\orcad 9.2\ORCAD_FULL\Layout_Plus\library\JUMPER.LLB
Tue Feb 03 21:47:40 Loaded file d:\orcad 9.2\ORCAD_FULL\Layout_Plus\library\LAYOUT.llb
Tue Feb 03 21:47:40 Loaded file d:\orcad 9.2\ORCAD_FULL\Layout_Plus\library\LCON100T.llb
Tue Feb 03 21:47:40 Loaded file d:\orcad 9.2\ORCAD_FULL\Layout_Plus\library\PC104.llb
Tue Feb 03 21:47:40 Loaded file d:\orcad 9.2\ORCAD_FULL\Layout_Plus\library\PCI.llb
Tue Feb 03 21:47:40 Loaded file d:\orcad 9.2\ORCAD_FULL\Layout_Plus\library\PCON100T.llb
Tue Feb 03 21:47:40 Loaded file d:\orcad 9.2\ORCAD_FULL\Layout_Plus\library\PCON156T.llb
Tue Feb 03 21:47:40 Loaded file d:\orcad 9.2\ORCAD_FULL\Layout_Plus\library\PGA.llb
Tue Feb 03 21:47:40 Loaded file d:\orcad 9.2\ORCAD_FULL\Layout_Plus\library\PLCC.llb
Tue Feb 03 21:47:40 Loaded file d:\orcad 9.2\ORCAD_FULL\Layout_Plus\library\QUAD.llb
Tue Feb 03 21:47:40 Loaded file d:\orcad 9.2\ORCAD_FULL\Layout_Plus\library\QUADB.llb
Tue Feb 03 21:47:40 Loaded file d:\orcad 9.2\ORCAD_FULL\Layout_Plus\library\RELAY.llb
Tue Feb 03 21:47:40 Loaded file d:\orcad 9.2\ORCAD_FULL\Layout_Plus\library\RF.llb
Tue Feb 03 21:47:40 Loaded file d:\orcad 9.2\ORCAD_FULL\Layout_Plus\library\SBUS.llb
Tue Feb 03 21:47:40 Loaded file d:\orcad 9.2\ORCAD_FULL\Layout_Plus\library\SIMM050F.llb
Tue Feb 03 21:47:40 Loaded file d:\orcad 9.2\ORCAD_FULL\Layout_Plus\library\SIMM050T.llb
Tue Feb 03 21:47:40 Loaded file d:\orcad 9.2\ORCAD_FULL\Layout_Plus\library\SIMM100F.llb
Tue Feb 03 21:47:40 Loaded file d:\orcad 9.2\ORCAD_FULL\Layout_Plus\library\SIMM100T.llb
Tue Feb 03 21:47:40 Loaded file d:\orcad 9.2\ORCAD_FULL\Layout_Plus\library\SIP.llb
Tue Feb 03 21:47:40 Loaded file d:\orcad 9.2\ORCAD_FULL\Layout_Plus\library\SM.llb
Tue Feb 03 21:47:40 Loaded file d:\orcad 9.2\ORCAD_FULL\Layout_Plus\library\SOG.llb
Tue Feb 03 21:47:40 Loaded file d:\orcad 9.2\ORCAD_FULL\Layout_Plus\library\SOJ.llb
Tue Feb 03 21:47:40 Loaded file d:\orcad 9.2\ORCAD_FULL\Layout_Plus\library\STIFF.llb
Tue Feb 03 21:47:40 Loaded file d:\orcad 9.2\ORCAD_FULL\Layout_Plus\library\TELE.llb
Tue Feb 03 21:47:40 Loaded file d:\orcad 9.2\ORCAD_FULL\Layout_Plus\library\TM_AXIAL.llb
Tue Feb 03 21:47:40 Loaded file d:\orcad 9.2\ORCAD_FULL\Layout_Plus\library\TM_CAP_P.llb
Tue Feb 03 21:47:40 Loaded file d:\orcad 9.2\ORCAD_FULL\Layout_Plus\library\TM_CYLND.llb
Tue Feb 03 21:47:40 Loaded file d:\orcad 9.2\ORCAD_FULL\Layout_Plus\library\TM_DIODE.llb
Tue Feb 03 21:47:40 Loaded file d:\orcad 9.2\ORCAD_FULL\Layout_Plus\library\TM_DISC.llb
Tue Feb 03 21:47:40 Loaded file d:\orcad 9.2\ORCAD_FULL\Layout_Plus\library\TM_RAD.llb
Tue Feb 03 21:47:40 Loaded file d:\orcad 9.2\ORCAD_FULL\Layout_Plus\library\TO.llb
Tue Feb 03 21:47:40 Loaded file d:\orcad 9.2\ORCAD_FULL\Layout_Plus\library\TRAINING.LLB
Tue Feb 03 21:47:40 Loaded file d:\orcad 9.2\ORCAD_FULL\Layout_Plus\library\VRES.llb
Tue Feb 03 21:47:40 Loaded file d:\orcad 9.2\ORCAD_FULL\Layout_Plus\library\WCON100T.llb
Tue Feb 03 21:47:40 Loaded file d:\orcad 9.2\ORCAD_FULL\Layout_Plus\library\XT.llb
Tue Feb 03 21:47:40 Loaded file d:\orcad 9.2\ORCAD_FULL\Layout_Plus\library\ZIGZAG.llb
Tue Feb 03 21:47:40 Loaded file D:\ORCAD 9.2\ORCAD_FULL\LAYOUT_PLUS\LIBRARY\SPMON.LLB
Tue Feb 03 21:47:40 Loaded file D:\ORCAD 9.2\ORCAD_FULL\LAYOUT_PLUS\LIBRARY\SPMON.LLB
Tue Feb 03 21:47:40 Loaded file D:\ORCAD 9.2\ORCAD_FULL\LAYOUT_PLUS\LIBRARY\SPMON.LLB
Tue Feb 03 21:47:40 Loaded file d:\orcad 9.2\ORCAD_FULL\Layout_Plus\library\TM_AXIAL.llb
Tue Feb 03 21:47:40 Saved as file C:\USERS\DAN\DOCUMENTS\GITHUB\SOLAR_PANEL_MONITORING\SPMON_2025\PRJ.HW\ORCAD_SCHEMATIC_LAYOUT\SPMON_SLAVEBOARD\LAYOUT\SPMON_SLAVEBOARD.MAX
Tue Feb 03 21:47:41 Loaded file C:\USERS\DAN\DOCUMENTS\GITHUB\SOLAR_PANEL_MONITORING\SPMON_2025\PRJ.HW\ORCAD_SCHEMATIC_LAYOUT\SPMON_SLAVEBOARD\LAYOUT\SPMON_SLAVEBOARD.MAX
Tue Feb 03 21:50:44 Saved as file BACKUP1.MAX
Tue Feb 03 21:50:44 Saved as file C:\USERS\DAN\DOCUMENTS\GITHUB\SOLAR_PANEL_MONITORING\SPMON_2025\PRJ.HW\ORCAD_SCHEMATIC_LAYOUT\SPMON_SLAVEBOARD\LAYOUT\SPMON_SLAVEBOARD.MAX
Tue Feb 03 21:50:44 UserDiv from Layout.INI for AutoECO: 60
Tue Feb 03 21:50:44 Loaded file C:\USERS\DAN\DOCUMENTS\GITHUB\SOLAR_PANEL_MONITORING\SPMON_2025\PRJ.HW\ORCAD_SCHEMATIC_LAYOUT\SPMON_SLAVEBOARD\LAYOUT\SPMON_SLAVEBOARD.MAX
Tue Feb 03 21:50:44 Loaded file D:\ORCAD 9.2\ORCAD_FULL\LAYOUT_PLUS\LIBRARY\SPMON.LLB
Tue Feb 03 21:50:44 Loaded file d:\orcad 9.2\ORCAD_FULL\Layout_Plus\library\BCON100T.llb
Tue Feb 03 21:50:44 Loaded file d:\orcad 9.2\ORCAD_FULL\Layout_Plus\library\BCON156T.llb
Tue Feb 03 21:50:44 Loaded file d:\orcad 9.2\ORCAD_FULL\Layout_Plus\library\BGA.llb
Tue Feb 03 21:50:44 Loaded file d:\orcad 9.2\ORCAD_FULL\Layout_Plus\library\CLCC.llb
Tue Feb 03 21:50:44 Loaded file d:\orcad 9.2\ORCAD_FULL\Layout_Plus\library\DCON050T.llb
Tue Feb 03 21:50:44 Loaded file d:\orcad 9.2\ORCAD_FULL\Layout_Plus\library\DCON085T.llb
Tue Feb 03 21:50:44 Loaded file d:\orcad 9.2\ORCAD_FULL\Layout_Plus\library\DIMM050F.llb
Tue Feb 03 21:50:44 Loaded file d:\orcad 9.2\ORCAD_FULL\Layout_Plus\library\DIMM050T.llb
Tue Feb 03 21:50:44 Loaded file d:\orcad 9.2\ORCAD_FULL\Layout_Plus\library\DIN.llb
Tue Feb 03 21:50:44 Loaded file d:\orcad 9.2\ORCAD_FULL\Layout_Plus\library\DIP100B.llb
Tue Feb 03 21:50:44 Loaded file d:\orcad 9.2\ORCAD_FULL\Layout_Plus\library\DIP100T.llb
Tue Feb 03 21:50:44 Loaded file d:\orcad 9.2\ORCAD_FULL\Layout_Plus\library\DSUBT.llb
Tue Feb 03 21:50:44 Loaded file d:\orcad 9.2\ORCAD_FULL\Layout_Plus\library\DSUBT_HD.LLB
Tue Feb 03 21:50:44 Loaded file d:\orcad 9.2\ORCAD_FULL\Layout_Plus\library\ECON100T.llb
Tue Feb 03 21:50:44 Loaded file d:\orcad 9.2\ORCAD_FULL\Layout_Plus\library\FBUS.llb
Tue Feb 03 21:50:44 Loaded file d:\orcad 9.2\ORCAD_FULL\Layout_Plus\library\ISA.llb
Tue Feb 03 21:50:44 Loaded file d:\orcad 9.2\ORCAD_FULL\Layout_Plus\library\JUMPER.LLB
Tue Feb 03 21:50:44 Loaded file d:\orcad 9.2\ORCAD_FULL\Layout_Plus\library\LAYOUT.llb
Tue Feb 03 21:50:44 Loaded file d:\orcad 9.2\ORCAD_FULL\Layout_Plus\library\LCON100T.llb
Tue Feb 03 21:50:44 Loaded file d:\orcad 9.2\ORCAD_FULL\Layout_Plus\library\PC104.llb
Tue Feb 03 21:50:44 Loaded file d:\orcad 9.2\ORCAD_FULL\Layout_Plus\library\PCI.llb
Tue Feb 03 21:50:44 Loaded file d:\orcad 9.2\ORCAD_FULL\Layout_Plus\library\PCON100T.llb
Tue Feb 03 21:50:44 Loaded file d:\orcad 9.2\ORCAD_FULL\Layout_Plus\library\PCON156T.llb
Tue Feb 03 21:50:44 Loaded file d:\orcad 9.2\ORCAD_FULL\Layout_Plus\library\PGA.llb
Tue Feb 03 21:50:44 Loaded file d:\orcad 9.2\ORCAD_FULL\Layout_Plus\library\PLCC.llb
Tue Feb 03 21:50:44 Loaded file d:\orcad 9.2\ORCAD_FULL\Layout_Plus\library\QUAD.llb
Tue Feb 03 21:50:44 Loaded file d:\orcad 9.2\ORCAD_FULL\Layout_Plus\library\QUADB.llb
Tue Feb 03 21:50:44 Loaded file d:\orcad 9.2\ORCAD_FULL\Layout_Plus\library\RELAY.llb
Tue Feb 03 21:50:44 Loaded file d:\orcad 9.2\ORCAD_FULL\Layout_Plus\library\RF.llb
Tue Feb 03 21:50:44 Loaded file d:\orcad 9.2\ORCAD_FULL\Layout_Plus\library\SBUS.llb
Tue Feb 03 21:50:44 Loaded file d:\orcad 9.2\ORCAD_FULL\Layout_Plus\library\SIMM050F.llb
Tue Feb 03 21:50:44 Loaded file d:\orcad 9.2\ORCAD_FULL\Layout_Plus\library\SIMM050T.llb
Tue Feb 03 21:50:44 Loaded file d:\orcad 9.2\ORCAD_FULL\Layout_Plus\library\SIMM100F.llb
Tue Feb 03 21:50:44 Loaded file d:\orcad 9.2\ORCAD_FULL\Layout_Plus\library\SIMM100T.llb
Tue Feb 03 21:50:44 Loaded file d:\orcad 9.2\ORCAD_FULL\Layout_Plus\library\SIP.llb
Tue Feb 03 21:50:44 Loaded file d:\orcad 9.2\ORCAD_FULL\Layout_Plus\library\SM.llb
Tue Feb 03 21:50:44 Loaded file d:\orcad 9.2\ORCAD_FULL\Layout_Plus\library\SOG.llb
Tue Feb 03 21:50:44 Loaded file d:\orcad 9.2\ORCAD_FULL\Layout_Plus\library\SOJ.llb
Tue Feb 03 21:50:44 Loaded file d:\orcad 9.2\ORCAD_FULL\Layout_Plus\library\STIFF.llb
Tue Feb 03 21:50:44 Loaded file d:\orcad 9.2\ORCAD_FULL\Layout_Plus\library\TELE.llb
Tue Feb 03 21:50:44 Loaded file d:\orcad 9.2\ORCAD_FULL\Layout_Plus\library\TM_AXIAL.llb
Tue Feb 03 21:50:44 Loaded file d:\orcad 9.2\ORCAD_FULL\Layout_Plus\library\TM_CAP_P.llb
Tue Feb 03 21:50:44 Loaded file d:\orcad 9.2\ORCAD_FULL\Layout_Plus\library\TM_CYLND.llb
Tue Feb 03 21:50:44 Loaded file d:\orcad 9.2\ORCAD_FULL\Layout_Plus\library\TM_DIODE.llb
Tue Feb 03 21:50:44 Loaded file d:\orcad 9.2\ORCAD_FULL\Layout_Plus\library\TM_DISC.llb
Tue Feb 03 21:50:44 Loaded file d:\orcad 9.2\ORCAD_FULL\Layout_Plus\library\TM_RAD.llb
Tue Feb 03 21:50:44 Loaded file d:\orcad 9.2\ORCAD_FULL\Layout_Plus\library\TO.llb
Tue Feb 03 21:50:44 Loaded file d:\orcad 9.2\ORCAD_FULL\Layout_Plus\library\TRAINING.LLB
Tue Feb 03 21:50:44 Loaded file d:\orcad 9.2\ORCAD_FULL\Layout_Plus\library\VRES.llb
Tue Feb 03 21:50:44 Loaded file d:\orcad 9.2\ORCAD_FULL\Layout_Plus\library\WCON100T.llb
Tue Feb 03 21:50:44 Loaded file d:\orcad 9.2\ORCAD_FULL\Layout_Plus\library\XT.llb
Tue Feb 03 21:50:44 Loaded file d:\orcad 9.2\ORCAD_FULL\Layout_Plus\library\ZIGZAG.llb
Tue Feb 03 21:50:44 Saved as file C:\USERS\DAN\DOCUMENTS\GITHUB\SOLAR_PANEL_MONITORING\SPMON_2025\PRJ.HW\ORCAD_SCHEMATIC_LAYOUT\SPMON_SLAVEBOARD\LAYOUT\SPMON_SLAVEBOARD.MAX
Tue Feb 03 21:50:45 Loaded file C:\USERS\DAN\DOCUMENTS\GITHUB\SOLAR_PANEL_MONITORING\SPMON_2025\PRJ.HW\ORCAD_SCHEMATIC_LAYOUT\SPMON_SLAVEBOARD\LAYOUT\SPMON_SLAVEBOARD.MAX
Tue Feb 03 21:50:52 Saved as file BACKUP1.MAX
Tue Feb 03 21:50:52 Saved as file C:\USERS\DAN\DOCUMENTS\GITHUB\SOLAR_PANEL_MONITORING\SPMON_2025\PRJ.HW\ORCAD_SCHEMATIC_LAYOUT\SPMON_SLAVEBOARD\LAYOUT\SPMON_SLAVEBOARD.MAX
Tue Feb 03 21:50:52 UserDiv from Layout.INI for AutoECO: 60
Tue Feb 03 21:50:52 Loaded file C:\USERS\DAN\DOCUMENTS\GITHUB\SOLAR_PANEL_MONITORING\SPMON_2025\PRJ.HW\ORCAD_SCHEMATIC_LAYOUT\SPMON_SLAVEBOARD\LAYOUT\SPMON_SLAVEBOARD.MAX
Tue Feb 03 21:50:52 Loaded file D:\ORCAD 9.2\ORCAD_FULL\LAYOUT_PLUS\LIBRARY\SPMON.LLB
Tue Feb 03 21:50:52 Loaded file d:\orcad 9.2\ORCAD_FULL\Layout_Plus\library\BCON100T.llb
Tue Feb 03 21:50:52 Loaded file d:\orcad 9.2\ORCAD_FULL\Layout_Plus\library\BCON156T.llb
Tue Feb 03 21:50:52 Loaded file d:\orcad 9.2\ORCAD_FULL\Layout_Plus\library\BGA.llb
Tue Feb 03 21:50:52 Loaded file d:\orcad 9.2\ORCAD_FULL\Layout_Plus\library\CLCC.llb
Tue Feb 03 21:50:52 Loaded file d:\orcad 9.2\ORCAD_FULL\Layout_Plus\library\DCON050T.llb
Tue Feb 03 21:50:52 Loaded file d:\orcad 9.2\ORCAD_FULL\Layout_Plus\library\DCON085T.llb
Tue Feb 03 21:50:52 Loaded file d:\orcad 9.2\ORCAD_FULL\Layout_Plus\library\DIMM050F.llb
Tue Feb 03 21:50:52 Loaded file d:\orcad 9.2\ORCAD_FULL\Layout_Plus\library\DIMM050T.llb
Tue Feb 03 21:50:52 Loaded file d:\orcad 9.2\ORCAD_FULL\Layout_Plus\library\DIN.llb
Tue Feb 03 21:50:52 Loaded file d:\orcad 9.2\ORCAD_FULL\Layout_Plus\library\DIP100B.llb
Tue Feb 03 21:50:52 Loaded file d:\orcad 9.2\ORCAD_FULL\Layout_Plus\library\DIP100T.llb
Tue Feb 03 21:50:52 Loaded file d:\orcad 9.2\ORCAD_FULL\Layout_Plus\library\DSUBT.llb
Tue Feb 03 21:50:52 Loaded file d:\orcad 9.2\ORCAD_FULL\Layout_Plus\library\DSUBT_HD.LLB
Tue Feb 03 21:50:52 Loaded file d:\orcad 9.2\ORCAD_FULL\Layout_Plus\library\ECON100T.llb
Tue Feb 03 21:50:52 Loaded file d:\orcad 9.2\ORCAD_FULL\Layout_Plus\library\FBUS.llb
Tue Feb 03 21:50:52 Loaded file d:\orcad 9.2\ORCAD_FULL\Layout_Plus\library\ISA.llb
Tue Feb 03 21:50:52 Loaded file d:\orcad 9.2\ORCAD_FULL\Layout_Plus\library\JUMPER.LLB
Tue Feb 03 21:50:52 Loaded file d:\orcad 9.2\ORCAD_FULL\Layout_Plus\library\LAYOUT.llb
Tue Feb 03 21:50:52 Loaded file d:\orcad 9.2\ORCAD_FULL\Layout_Plus\library\LCON100T.llb
Tue Feb 03 21:50:52 Loaded file d:\orcad 9.2\ORCAD_FULL\Layout_Plus\library\PC104.llb
Tue Feb 03 21:50:52 Loaded file d:\orcad 9.2\ORCAD_FULL\Layout_Plus\library\PCI.llb
Tue Feb 03 21:50:52 Loaded file d:\orcad 9.2\ORCAD_FULL\Layout_Plus\library\PCON100T.llb
Tue Feb 03 21:50:52 Loaded file d:\orcad 9.2\ORCAD_FULL\Layout_Plus\library\PCON156T.llb
Tue Feb 03 21:50:52 Loaded file d:\orcad 9.2\ORCAD_FULL\Layout_Plus\library\PGA.llb
Tue Feb 03 21:50:52 Loaded file d:\orcad 9.2\ORCAD_FULL\Layout_Plus\library\PLCC.llb
Tue Feb 03 21:50:52 Loaded file d:\orcad 9.2\ORCAD_FULL\Layout_Plus\library\QUAD.llb
Tue Feb 03 21:50:52 Loaded file d:\orcad 9.2\ORCAD_FULL\Layout_Plus\library\QUADB.llb
Tue Feb 03 21:50:52 Loaded file d:\orcad 9.2\ORCAD_FULL\Layout_Plus\library\RELAY.llb
Tue Feb 03 21:50:52 Loaded file d:\orcad 9.2\ORCAD_FULL\Layout_Plus\library\RF.llb
Tue Feb 03 21:50:52 Loaded file d:\orcad 9.2\ORCAD_FULL\Layout_Plus\library\SBUS.llb
Tue Feb 03 21:50:52 Loaded file d:\orcad 9.2\ORCAD_FULL\Layout_Plus\library\SIMM050F.llb
Tue Feb 03 21:50:52 Loaded file d:\orcad 9.2\ORCAD_FULL\Layout_Plus\library\SIMM050T.llb
Tue Feb 03 21:50:52 Loaded file d:\orcad 9.2\ORCAD_FULL\Layout_Plus\library\SIMM100F.llb
Tue Feb 03 21:50:52 Loaded file d:\orcad 9.2\ORCAD_FULL\Layout_Plus\library\SIMM100T.llb
Tue Feb 03 21:50:52 Loaded file d:\orcad 9.2\ORCAD_FULL\Layout_Plus\library\SIP.llb
Tue Feb 03 21:50:52 Loaded file d:\orcad 9.2\ORCAD_FULL\Layout_Plus\library\SM.llb
Tue Feb 03 21:50:52 Loaded file d:\orcad 9.2\ORCAD_FULL\Layout_Plus\library\SOG.llb
Tue Feb 03 21:50:52 Loaded file d:\orcad 9.2\ORCAD_FULL\Layout_Plus\library\SOJ.llb
Tue Feb 03 21:50:52 Loaded file d:\orcad 9.2\ORCAD_FULL\Layout_Plus\library\STIFF.llb
Tue Feb 03 21:50:52 Loaded file d:\orcad 9.2\ORCAD_FULL\Layout_Plus\library\TELE.llb
Tue Feb 03 21:50:52 Loaded file d:\orcad 9.2\ORCAD_FULL\Layout_Plus\library\TM_AXIAL.llb
Tue Feb 03 21:50:52 Loaded file d:\orcad 9.2\ORCAD_FULL\Layout_Plus\library\TM_CAP_P.llb
Tue Feb 03 21:50:52 Loaded file d:\orcad 9.2\ORCAD_FULL\Layout_Plus\library\TM_CYLND.llb
Tue Feb 03 21:50:52 Loaded file d:\orcad 9.2\ORCAD_FULL\Layout_Plus\library\TM_DIODE.llb
Tue Feb 03 21:50:52 Loaded file d:\orcad 9.2\ORCAD_FULL\Layout_Plus\library\TM_DISC.llb
Tue Feb 03 21:50:52 Loaded file d:\orcad 9.2\ORCAD_FULL\Layout_Plus\library\TM_RAD.llb
Tue Feb 03 21:50:52 Loaded file d:\orcad 9.2\ORCAD_FULL\Layout_Plus\library\TO.llb
Tue Feb 03 21:50:52 Loaded file d:\orcad 9.2\ORCAD_FULL\Layout_Plus\library\TRAINING.LLB
Tue Feb 03 21:50:52 Loaded file d:\orcad 9.2\ORCAD_FULL\Layout_Plus\library\VRES.llb
Tue Feb 03 21:50:52 Loaded file d:\orcad 9.2\ORCAD_FULL\Layout_Plus\library\WCON100T.llb
Tue Feb 03 21:50:52 Loaded file d:\orcad 9.2\ORCAD_FULL\Layout_Plus\library\XT.llb
Tue Feb 03 21:50:52 Loaded file d:\orcad 9.2\ORCAD_FULL\Layout_Plus\library\ZIGZAG.llb
Tue Feb 03 21:50:52 Saved as file C:\USERS\DAN\DOCUMENTS\GITHUB\SOLAR_PANEL_MONITORING\SPMON_2025\PRJ.HW\ORCAD_SCHEMATIC_LAYOUT\SPMON_SLAVEBOARD\LAYOUT\SPMON_SLAVEBOARD.MAX
Tue Feb 03 21:50:53 Loaded file C:\USERS\DAN\DOCUMENTS\GITHUB\SOLAR_PANEL_MONITORING\SPMON_2025\PRJ.HW\ORCAD_SCHEMATIC_LAYOUT\SPMON_SLAVEBOARD\LAYOUT\SPMON_SLAVEBOARD.MAX
