Post Processor Report
OrCAD FILE: C:\USERS\DAN\DOCUMENTS\GITHUB\SOLAR_PANEL_MONITORING\SPMON_2025\PRJ.HW\ORCAD_SCHEMATIC_LAYOUT\SPMON_SLAVEBOARD\LAYOUT\SPMON_SLAVEBOARD.MAX
Mon Dec 08 11:33:38 2025

*********************************************************

Output file: C:\USERS\DAN\DOCUMENTS\GITHUB\SOLAR_PANEL_MONITORING\SPMON_2025\PRJ.HW\ORCAD_SCHEMATIC_LAYOUT\SPMON_SLAVEBOARD\LAYOUT\SPMON_SLAVEBOARD.TOP

Aperture totals for C:\USERS\DAN\DOCUMENTS\GITHUB\SOLAR_PANEL_MONITORING\SPMON_2025\PRJ.HW\ORCAD_SCHEMATIC_LAYOUT\SPMON_SLAVEBOARD\LAYOUT\SPMON_SLAVEBOARD.TOP:
---------------------------------------------------------
D10:  0.0620 ROUND  --       0 Draws,      48 Flashes
D11:  0.0450 ROUND  --       0 Draws,       2 Flashes
D12:  0.1100 ROUND  --       0 Draws,       4 Flashes
D13:  0.0120 ROUND  --      55 Draws,       0 Flashes
D24:  0.0140 ROUND  --       0 Draws,      54 Flashes
---------------------------------------------------------
  5 D-Codes      -----      55 Draws,     108 Flashes

*********************************************************

Output file: C:\USERS\DAN\DOCUMENTS\GITHUB\SOLAR_PANEL_MONITORING\SPMON_2025\PRJ.HW\ORCAD_SCHEMATIC_LAYOUT\SPMON_SLAVEBOARD\LAYOUT\SPMON_SLAVEBOARD.BOT

Aperture totals for C:\USERS\DAN\DOCUMENTS\GITHUB\SOLAR_PANEL_MONITORING\SPMON_2025\PRJ.HW\ORCAD_SCHEMATIC_LAYOUT\SPMON_SLAVEBOARD\LAYOUT\SPMON_SLAVEBOARD.BOT:
---------------------------------------------------------
D10:  0.0620 ROUND  --       0 Draws,      48 Flashes
D11:  0.0450 ROUND  --       0 Draws,       2 Flashes
D14:  0.1000 ROUND  --       0 Draws,       4 Flashes
---------------------------------------------------------
  3 D-Codes      -----       0 Draws,      54 Flashes

*********************************************************

Output file: C:\USERS\DAN\DOCUMENTS\GITHUB\SOLAR_PANEL_MONITORING\SPMON_2025\PRJ.HW\ORCAD_SCHEMATIC_LAYOUT\SPMON_SLAVEBOARD\LAYOUT\SPMON_SLAVEBOARD.GND

Aperture totals for C:\USERS\DAN\DOCUMENTS\GITHUB\SOLAR_PANEL_MONITORING\SPMON_2025\PRJ.HW\ORCAD_SCHEMATIC_LAYOUT\SPMON_SLAVEBOARD\LAYOUT\SPMON_SLAVEBOARD.GND:
---------------------------------------------------------
D15:  0.0700 ROUND  --       0 Draws,      48 Flashes
D16:  0.0650 ROUND  --       0 Draws,       2 Flashes
D17:  0.1400 ROUND  --       0 Draws,       4 Flashes
D18:  0.0500 ROUND  --       4 Draws,       0 Flashes
---------------------------------------------------------
  4 D-Codes      -----       4 Draws,      54 Flashes

*********************************************************

Output file: C:\USERS\DAN\DOCUMENTS\GITHUB\SOLAR_PANEL_MONITORING\SPMON_2025\PRJ.HW\ORCAD_SCHEMATIC_LAYOUT\SPMON_SLAVEBOARD\LAYOUT\SPMON_SLAVEBOARD.PWR

Aperture totals for C:\USERS\DAN\DOCUMENTS\GITHUB\SOLAR_PANEL_MONITORING\SPMON_2025\PRJ.HW\ORCAD_SCHEMATIC_LAYOUT\SPMON_SLAVEBOARD\LAYOUT\SPMON_SLAVEBOARD.PWR:
---------------------------------------------------------
D15:  0.0700 ROUND  --       0 Draws,      48 Flashes
D16:  0.0650 ROUND  --       0 Draws,       2 Flashes
D17:  0.1400 ROUND  --       0 Draws,       4 Flashes
D18:  0.0500 ROUND  --       4 Draws,       0 Flashes
---------------------------------------------------------
  4 D-Codes      -----       4 Draws,      54 Flashes

*********************************************************

Output file: C:\USERS\DAN\DOCUMENTS\GITHUB\SOLAR_PANEL_MONITORING\SPMON_2025\PRJ.HW\ORCAD_SCHEMATIC_LAYOUT\SPMON_SLAVEBOARD\LAYOUT\SPMON_SLAVEBOARD.SMT

Aperture totals for C:\USERS\DAN\DOCUMENTS\GITHUB\SOLAR_PANEL_MONITORING\SPMON_2025\PRJ.HW\ORCAD_SCHEMATIC_LAYOUT\SPMON_SLAVEBOARD\LAYOUT\SPMON_SLAVEBOARD.SMT:
---------------------------------------------------------
D11:  0.0450 ROUND  --       0 Draws,       2 Flashes
D19:  0.0670 ROUND  --       0 Draws,      48 Flashes
D20:  0.1050 ROUND  --       0 Draws,       4 Flashes
---------------------------------------------------------
  3 D-Codes      -----       0 Draws,      54 Flashes

*********************************************************

Output file: C:\USERS\DAN\DOCUMENTS\GITHUB\SOLAR_PANEL_MONITORING\SPMON_2025\PRJ.HW\ORCAD_SCHEMATIC_LAYOUT\SPMON_SLAVEBOARD\LAYOUT\SPMON_SLAVEBOARD.SMB

Aperture totals for C:\USERS\DAN\DOCUMENTS\GITHUB\SOLAR_PANEL_MONITORING\SPMON_2025\PRJ.HW\ORCAD_SCHEMATIC_LAYOUT\SPMON_SLAVEBOARD\LAYOUT\SPMON_SLAVEBOARD.SMB:
---------------------------------------------------------
D11:  0.0450 ROUND  --       0 Draws,       2 Flashes
D19:  0.0670 ROUND  --       0 Draws,      48 Flashes
D20:  0.1050 ROUND  --       0 Draws,       4 Flashes
---------------------------------------------------------
  3 D-Codes      -----       0 Draws,      54 Flashes

*********************************************************

Output file: C:\USERS\DAN\DOCUMENTS\GITHUB\SOLAR_PANEL_MONITORING\SPMON_2025\PRJ.HW\ORCAD_SCHEMATIC_LAYOUT\SPMON_SLAVEBOARD\LAYOUT\SPMON_SLAVEBOARD.SST

Aperture totals for C:\USERS\DAN\DOCUMENTS\GITHUB\SOLAR_PANEL_MONITORING\SPMON_2025\PRJ.HW\ORCAD_SCHEMATIC_LAYOUT\SPMON_SLAVEBOARD\LAYOUT\SPMON_SLAVEBOARD.SST:
---------------------------------------------------------
D21:  0.0010 ROUND  --      64 Draws,       0 Flashes
D22:  0.0080 ROUND  --      16 Draws,       0 Flashes
D23:  0.0100 ROUND  --     267 Draws,       0 Flashes
---------------------------------------------------------
  3 D-Codes      -----     347 Draws,       0 Flashes

*********************************************************

Output file: C:\USERS\DAN\DOCUMENTS\GITHUB\SOLAR_PANEL_MONITORING\SPMON_2025\PRJ.HW\ORCAD_SCHEMATIC_LAYOUT\SPMON_SLAVEBOARD\LAYOUT\SPMON_SLAVEBOARD.AST

Aperture totals for C:\USERS\DAN\DOCUMENTS\GITHUB\SOLAR_PANEL_MONITORING\SPMON_2025\PRJ.HW\ORCAD_SCHEMATIC_LAYOUT\SPMON_SLAVEBOARD\LAYOUT\SPMON_SLAVEBOARD.AST:
---------------------------------------------------------
D11:  0.0450 ROUND  --       0 Draws,       2 Flashes
D18:  0.0500 ROUND  --       4 Draws,       0 Flashes
D22:  0.0080 ROUND  --      29 Draws,       0 Flashes
D23:  0.0100 ROUND  --     398 Draws,       0 Flashes
---------------------------------------------------------
  4 D-Codes      -----     431 Draws,       2 Flashes

*********************************************************

Output file: C:\USERS\DAN\DOCUMENTS\GITHUB\SOLAR_PANEL_MONITORING\SPMON_2025\PRJ.HW\ORCAD_SCHEMATIC_LAYOUT\SPMON_SLAVEBOARD\LAYOUT\SPMON_SLAVEBOARD.DRD

Aperture totals for C:\USERS\DAN\DOCUMENTS\GITHUB\SOLAR_PANEL_MONITORING\SPMON_2025\PRJ.HW\ORCAD_SCHEMATIC_LAYOUT\SPMON_SLAVEBOARD\LAYOUT\SPMON_SLAVEBOARD.DRD:
---------------------------------------------------------
D18:  0.0500 ROUND  --       4 Draws,       0 Flashes
D23:  0.0100 ROUND  --     472 Draws,       0 Flashes
---------------------------------------------------------
  2 D-Codes      -----     476 Draws,       0 Flashes


*********************************************************

Aperture totals for entire project:
---------------------------------------------------------
D10:  0.0620 ROUND  --       0 Draws,      96 Flashes
D11:  0.0450 ROUND  --       0 Draws,      10 Flashes
D12:  0.1100 ROUND  --       0 Draws,       4 Flashes
D13:  0.0120 ROUND  --      55 Draws,       0 Flashes
D14:  0.1000 ROUND  --       0 Draws,       4 Flashes
D15:  0.0700 ROUND  --       0 Draws,      96 Flashes
D16:  0.0650 ROUND  --       0 Draws,       4 Flashes
D17:  0.1400 ROUND  --       0 Draws,       8 Flashes
D18:  0.0500 ROUND  --      16 Draws,       0 Flashes
D19:  0.0670 ROUND  --       0 Draws,      96 Flashes
D20:  0.1050 ROUND  --       0 Draws,       8 Flashes
D21:  0.0010 ROUND  --      64 Draws,       0 Flashes
D22:  0.0080 ROUND  --      45 Draws,       0 Flashes
D23:  0.0100 ROUND  --    1137 Draws,       0 Flashes
D24:  0.0140 ROUND  --       0 Draws,      54 Flashes
---------------------------------------------------------
 15 D-Codes      -----    1317 Draws,     380 Flashes


No warnings or errors.
