Fri Dec 05 13:23:56 Saved as file C:\USERS\DAN\DOCUMENTS\GITHUB\SOLAR_PANEL_MONITORING\SPMON_2025\PRJ.HW\ORCAD_SCHEMATIC_LAYOUT\SPMON_SLAVEBOARD\SPMON_SLAVEBOARD.MAX
Fri Dec 05 13:23:56 Saved as file BACKUP1.MAX
Fri Dec 05 13:23:56 Saved as file C:\USERS\DAN\DOCUMENTS\GITHUB\SOLAR_PANEL_MONITORING\SPMON_2025\PRJ.HW\ORCAD_SCHEMATIC_LAYOUT\SPMON_SLAVEBOARD\SPMON_SLAVEBOARD.MAX
Fri Dec 05 13:23:56 UserDiv from Layout.INI for AutoECO: 60
Fri Dec 05 13:23:56 Loaded file C:\USERS\DAN\DOCUMENTS\GITHUB\SOLAR_PANEL_MONITORING\SPMON_2025\PRJ.HW\ORCAD_SCHEMATIC_LAYOUT\SPMON_SLAVEBOARD\SPMON_SLAVEBOARD.MAX
Fri Dec 05 13:23:56 Loaded file D:\ORCAD 9.2\ORCAD_FULL\LAYOUT_PLUS\library\BCON100T.llb
Fri Dec 05 13:23:56 Loaded file D:\ORCAD 9.2\ORCAD_FULL\LAYOUT_PLUS\library\BCON156T.llb
Fri Dec 05 13:23:56 Loaded file D:\ORCAD 9.2\ORCAD_FULL\LAYOUT_PLUS\library\BGA.llb
Fri Dec 05 13:23:56 Loaded file D:\ORCAD 9.2\ORCAD_FULL\LAYOUT_PLUS\library\CLCC.llb
Fri Dec 05 13:23:56 Loaded file D:\ORCAD 9.2\ORCAD_FULL\LAYOUT_PLUS\library\DCON050T.llb
Fri Dec 05 13:23:56 Loaded file D:\ORCAD 9.2\ORCAD_FULL\LAYOUT_PLUS\library\DCON085T.llb
Fri Dec 05 13:23:56 Loaded file D:\ORCAD 9.2\ORCAD_FULL\LAYOUT_PLUS\library\DIMM050F.llb
Fri Dec 05 13:23:56 Loaded file D:\ORCAD 9.2\ORCAD_FULL\LAYOUT_PLUS\library\DIMM050T.llb
Fri Dec 05 13:23:56 Loaded file D:\ORCAD 9.2\ORCAD_FULL\LAYOUT_PLUS\library\DIN.llb
Fri Dec 05 13:23:56 Loaded file D:\ORCAD 9.2\ORCAD_FULL\LAYOUT_PLUS\library\DIP100B.llb
Fri Dec 05 13:23:56 Loaded file D:\ORCAD 9.2\ORCAD_FULL\LAYOUT_PLUS\library\DIP100T.llb
Fri Dec 05 13:23:56 Loaded file D:\ORCAD 9.2\ORCAD_FULL\LAYOUT_PLUS\library\DSUBT.llb
Fri Dec 05 13:23:56 Loaded file D:\ORCAD 9.2\ORCAD_FULL\LAYOUT_PLUS\library\DSUBT_HD.LLB
Fri Dec 05 13:23:56 Loaded file D:\ORCAD 9.2\ORCAD_FULL\LAYOUT_PLUS\library\ECON100T.llb
Fri Dec 05 13:23:56 Loaded file D:\ORCAD 9.2\ORCAD_FULL\LAYOUT_PLUS\library\FBUS.llb
Fri Dec 05 13:23:56 Loaded file D:\ORCAD 9.2\ORCAD_FULL\LAYOUT_PLUS\library\ISA.llb
Fri Dec 05 13:23:56 Loaded file D:\ORCAD 9.2\ORCAD_FULL\LAYOUT_PLUS\library\JUMPER.LLB
Fri Dec 05 13:23:56 Loaded file D:\ORCAD 9.2\ORCAD_FULL\LAYOUT_PLUS\library\LAYOUT.llb
Fri Dec 05 13:23:56 Loaded file D:\ORCAD 9.2\ORCAD_FULL\LAYOUT_PLUS\library\LCON100T.llb
Fri Dec 05 13:23:56 Loaded file D:\ORCAD 9.2\ORCAD_FULL\LAYOUT_PLUS\library\PC104.llb
Fri Dec 05 13:23:56 Loaded file D:\ORCAD 9.2\ORCAD_FULL\LAYOUT_PLUS\library\PCI.llb
Fri Dec 05 13:23:56 Loaded file D:\ORCAD 9.2\ORCAD_FULL\LAYOUT_PLUS\library\PCON100T.llb
Fri Dec 05 13:23:56 Loaded file D:\ORCAD 9.2\ORCAD_FULL\LAYOUT_PLUS\library\PCON156T.llb
Fri Dec 05 13:23:56 Loaded file D:\ORCAD 9.2\ORCAD_FULL\LAYOUT_PLUS\library\PGA.llb
Fri Dec 05 13:23:56 Loaded file D:\ORCAD 9.2\ORCAD_FULL\LAYOUT_PLUS\library\PLCC.llb
Fri Dec 05 13:23:56 Loaded file D:\ORCAD 9.2\ORCAD_FULL\LAYOUT_PLUS\library\QUAD.llb
Fri Dec 05 13:23:56 Loaded file D:\ORCAD 9.2\ORCAD_FULL\LAYOUT_PLUS\library\QUADB.llb
Fri Dec 05 13:23:56 Loaded file D:\ORCAD 9.2\ORCAD_FULL\LAYOUT_PLUS\library\RELAY.llb
Fri Dec 05 13:23:56 Loaded file D:\ORCAD 9.2\ORCAD_FULL\LAYOUT_PLUS\library\RF.llb
Fri Dec 05 13:23:56 Loaded file D:\ORCAD 9.2\ORCAD_FULL\LAYOUT_PLUS\library\SBUS.llb
Fri Dec 05 13:23:56 Loaded file D:\ORCAD 9.2\ORCAD_FULL\LAYOUT_PLUS\library\SIMM050F.llb
Fri Dec 05 13:23:56 Loaded file D:\ORCAD 9.2\ORCAD_FULL\LAYOUT_PLUS\library\SIMM050T.llb
Fri Dec 05 13:23:56 Loaded file D:\ORCAD 9.2\ORCAD_FULL\LAYOUT_PLUS\library\SIMM100F.llb
Fri Dec 05 13:23:56 Loaded file D:\ORCAD 9.2\ORCAD_FULL\LAYOUT_PLUS\library\SIMM100T.llb
Fri Dec 05 13:23:56 Loaded file D:\ORCAD 9.2\ORCAD_FULL\LAYOUT_PLUS\library\SIP.llb
Fri Dec 05 13:23:56 Loaded file D:\ORCAD 9.2\ORCAD_FULL\LAYOUT_PLUS\library\SM.llb
Fri Dec 05 13:23:56 Loaded file D:\ORCAD 9.2\ORCAD_FULL\LAYOUT_PLUS\library\SOG.llb
Fri Dec 05 13:23:56 Loaded file D:\ORCAD 9.2\ORCAD_FULL\LAYOUT_PLUS\library\SOJ.llb
Fri Dec 05 13:23:56 Loaded file D:\ORCAD 9.2\ORCAD_FULL\LAYOUT_PLUS\library\STIFF.llb
Fri Dec 05 13:23:56 Loaded file D:\ORCAD 9.2\ORCAD_FULL\LAYOUT_PLUS\library\TELE.llb
Fri Dec 05 13:23:56 Loaded file D:\ORCAD 9.2\ORCAD_FULL\LAYOUT_PLUS\library\TM_AXIAL.llb
Fri Dec 05 13:23:56 Loaded file D:\ORCAD 9.2\ORCAD_FULL\LAYOUT_PLUS\library\TM_CAP_P.llb
Fri Dec 05 13:23:56 Loaded file D:\ORCAD 9.2\ORCAD_FULL\LAYOUT_PLUS\library\TM_CYLND.llb
Fri Dec 05 13:23:56 Loaded file D:\ORCAD 9.2\ORCAD_FULL\LAYOUT_PLUS\library\TM_DIODE.llb
Fri Dec 05 13:23:56 Loaded file D:\ORCAD 9.2\ORCAD_FULL\LAYOUT_PLUS\library\TM_DISC.llb
Fri Dec 05 13:23:56 Loaded file D:\ORCAD 9.2\ORCAD_FULL\LAYOUT_PLUS\library\TM_RAD.llb
Fri Dec 05 13:23:56 Loaded file D:\ORCAD 9.2\ORCAD_FULL\LAYOUT_PLUS\library\TO.llb
Fri Dec 05 13:23:56 Loaded file D:\ORCAD 9.2\ORCAD_FULL\LAYOUT_PLUS\library\TRAINING.LLB
Fri Dec 05 13:23:56 Loaded file D:\ORCAD 9.2\ORCAD_FULL\LAYOUT_PLUS\library\VRES.llb
Fri Dec 05 13:23:56 Loaded file D:\ORCAD 9.2\ORCAD_FULL\LAYOUT_PLUS\library\WCON100T.llb
Fri Dec 05 13:23:56 Loaded file D:\ORCAD 9.2\ORCAD_FULL\LAYOUT_PLUS\library\XT.llb
Fri Dec 05 13:23:56 Loaded file D:\ORCAD 9.2\ORCAD_FULL\LAYOUT_PLUS\library\ZIGZAG.llb
Fri Dec 05 13:24:05 Loaded file C:\USERS\DAN\DOCUMENTS\GITHUB\SOLAR_PANEL_MONITORING\SPMON_2025\PRJ.HW\ORCAD_SCHEMATIC_LAYOUT\SPMON_SLAVEBOARD\SPMON_SLAVEBOARD.MAX
Fri Dec 05 13:24:05 Saved as file C:\USERS\DAN\DOCUMENTS\GITHUB\SOLAR_PANEL_MONITORING\SPMON_2025\PRJ.HW\ORCAD_SCHEMATIC_LAYOUT\SPMON_SLAVEBOARD\SPMON_SLAVEBOARD.MAX
Fri Dec 05 13:24:05 Loaded file C:\USERS\DAN\DOCUMENTS\GITHUB\SOLAR_PANEL_MONITORING\SPMON_2025\PRJ.HW\ORCAD_SCHEMATIC_LAYOUT\SPMON_SLAVEBOARD\SPMON_SLAVEBOARD.MAX
Fri Dec 05 13:24:15 Saved as file BACKUP1.MAX
Fri Dec 05 13:24:15 Saved as file C:\USERS\DAN\DOCUMENTS\GITHUB\SOLAR_PANEL_MONITORING\SPMON_2025\PRJ.HW\ORCAD_SCHEMATIC_LAYOUT\SPMON_SLAVEBOARD\SPMON_SLAVEBOARD.MAX
Fri Dec 05 13:24:15 UserDiv from Layout.INI for AutoECO: 60
Fri Dec 05 13:24:15 Loaded file C:\USERS\DAN\DOCUMENTS\GITHUB\SOLAR_PANEL_MONITORING\SPMON_2025\PRJ.HW\ORCAD_SCHEMATIC_LAYOUT\SPMON_SLAVEBOARD\SPMON_SLAVEBOARD.MAX
Fri Dec 05 13:24:15 Loaded file D:\ORCAD 9.2\ORCAD_FULL\LAYOUT_PLUS\library\BCON100T.llb
Fri Dec 05 13:24:15 Loaded file D:\ORCAD 9.2\ORCAD_FULL\LAYOUT_PLUS\library\BCON156T.llb
Fri Dec 05 13:24:15 Loaded file D:\ORCAD 9.2\ORCAD_FULL\LAYOUT_PLUS\library\BGA.llb
Fri Dec 05 13:24:15 Loaded file D:\ORCAD 9.2\ORCAD_FULL\LAYOUT_PLUS\library\CLCC.llb
Fri Dec 05 13:24:15 Loaded file D:\ORCAD 9.2\ORCAD_FULL\LAYOUT_PLUS\library\DCON050T.llb
Fri Dec 05 13:24:15 Loaded file D:\ORCAD 9.2\ORCAD_FULL\LAYOUT_PLUS\library\DCON085T.llb
Fri Dec 05 13:24:15 Loaded file D:\ORCAD 9.2\ORCAD_FULL\LAYOUT_PLUS\library\DIMM050F.llb
Fri Dec 05 13:24:15 Loaded file D:\ORCAD 9.2\ORCAD_FULL\LAYOUT_PLUS\library\DIMM050T.llb
Fri Dec 05 13:24:15 Loaded file D:\ORCAD 9.2\ORCAD_FULL\LAYOUT_PLUS\library\DIN.llb
Fri Dec 05 13:24:15 Loaded file D:\ORCAD 9.2\ORCAD_FULL\LAYOUT_PLUS\library\DIP100B.llb
Fri Dec 05 13:24:15 Loaded file D:\ORCAD 9.2\ORCAD_FULL\LAYOUT_PLUS\library\DIP100T.llb
Fri Dec 05 13:24:15 Loaded file D:\ORCAD 9.2\ORCAD_FULL\LAYOUT_PLUS\library\DSUBT.llb
Fri Dec 05 13:24:15 Loaded file D:\ORCAD 9.2\ORCAD_FULL\LAYOUT_PLUS\library\DSUBT_HD.LLB
Fri Dec 05 13:24:15 Loaded file D:\ORCAD 9.2\ORCAD_FULL\LAYOUT_PLUS\library\ECON100T.llb
Fri Dec 05 13:24:15 Loaded file D:\ORCAD 9.2\ORCAD_FULL\LAYOUT_PLUS\library\FBUS.llb
Fri Dec 05 13:24:15 Loaded file D:\ORCAD 9.2\ORCAD_FULL\LAYOUT_PLUS\library\ISA.llb
Fri Dec 05 13:24:15 Loaded file D:\ORCAD 9.2\ORCAD_FULL\LAYOUT_PLUS\library\JUMPER.LLB
Fri Dec 05 13:24:15 Loaded file D:\ORCAD 9.2\ORCAD_FULL\LAYOUT_PLUS\library\LAYOUT.llb
Fri Dec 05 13:24:15 Loaded file D:\ORCAD 9.2\ORCAD_FULL\LAYOUT_PLUS\library\LCON100T.llb
Fri Dec 05 13:24:15 Loaded file D:\ORCAD 9.2\ORCAD_FULL\LAYOUT_PLUS\library\PC104.llb
Fri Dec 05 13:24:15 Loaded file D:\ORCAD 9.2\ORCAD_FULL\LAYOUT_PLUS\library\PCI.llb
Fri Dec 05 13:24:15 Loaded file D:\ORCAD 9.2\ORCAD_FULL\LAYOUT_PLUS\library\PCON100T.llb
Fri Dec 05 13:24:15 Loaded file D:\ORCAD 9.2\ORCAD_FULL\LAYOUT_PLUS\library\PCON156T.llb
Fri Dec 05 13:24:15 Loaded file D:\ORCAD 9.2\ORCAD_FULL\LAYOUT_PLUS\library\PGA.llb
Fri Dec 05 13:24:15 Loaded file D:\ORCAD 9.2\ORCAD_FULL\LAYOUT_PLUS\library\PLCC.llb
Fri Dec 05 13:24:15 Loaded file D:\ORCAD 9.2\ORCAD_FULL\LAYOUT_PLUS\library\QUAD.llb
Fri Dec 05 13:24:15 Loaded file D:\ORCAD 9.2\ORCAD_FULL\LAYOUT_PLUS\library\QUADB.llb
Fri Dec 05 13:24:15 Loaded file D:\ORCAD 9.2\ORCAD_FULL\LAYOUT_PLUS\library\RELAY.llb
Fri Dec 05 13:24:15 Loaded file D:\ORCAD 9.2\ORCAD_FULL\LAYOUT_PLUS\library\RF.llb
Fri Dec 05 13:24:15 Loaded file D:\ORCAD 9.2\ORCAD_FULL\LAYOUT_PLUS\library\SBUS.llb
Fri Dec 05 13:24:15 Loaded file D:\ORCAD 9.2\ORCAD_FULL\LAYOUT_PLUS\library\SIMM050F.llb
Fri Dec 05 13:24:15 Loaded file D:\ORCAD 9.2\ORCAD_FULL\LAYOUT_PLUS\library\SIMM050T.llb
Fri Dec 05 13:24:15 Loaded file D:\ORCAD 9.2\ORCAD_FULL\LAYOUT_PLUS\library\SIMM100F.llb
Fri Dec 05 13:24:15 Loaded file D:\ORCAD 9.2\ORCAD_FULL\LAYOUT_PLUS\library\SIMM100T.llb
Fri Dec 05 13:24:15 Loaded file D:\ORCAD 9.2\ORCAD_FULL\LAYOUT_PLUS\library\SIP.llb
Fri Dec 05 13:24:15 Loaded file D:\ORCAD 9.2\ORCAD_FULL\LAYOUT_PLUS\library\SM.llb
Fri Dec 05 13:24:15 Loaded file D:\ORCAD 9.2\ORCAD_FULL\LAYOUT_PLUS\library\SOG.llb
Fri Dec 05 13:24:15 Loaded file D:\ORCAD 9.2\ORCAD_FULL\LAYOUT_PLUS\library\SOJ.llb
Fri Dec 05 13:24:15 Loaded file D:\ORCAD 9.2\ORCAD_FULL\LAYOUT_PLUS\library\STIFF.llb
Fri Dec 05 13:24:15 Loaded file D:\ORCAD 9.2\ORCAD_FULL\LAYOUT_PLUS\library\TELE.llb
Fri Dec 05 13:24:15 Loaded file D:\ORCAD 9.2\ORCAD_FULL\LAYOUT_PLUS\library\TM_AXIAL.llb
Fri Dec 05 13:24:15 Loaded file D:\ORCAD 9.2\ORCAD_FULL\LAYOUT_PLUS\library\TM_CAP_P.llb
Fri Dec 05 13:24:15 Loaded file D:\ORCAD 9.2\ORCAD_FULL\LAYOUT_PLUS\library\TM_CYLND.llb
Fri Dec 05 13:24:15 Loaded file D:\ORCAD 9.2\ORCAD_FULL\LAYOUT_PLUS\library\TM_DIODE.llb
Fri Dec 05 13:24:15 Loaded file D:\ORCAD 9.2\ORCAD_FULL\LAYOUT_PLUS\library\TM_DISC.llb
Fri Dec 05 13:24:15 Loaded file D:\ORCAD 9.2\ORCAD_FULL\LAYOUT_PLUS\library\TM_RAD.llb
Fri Dec 05 13:24:15 Loaded file D:\ORCAD 9.2\ORCAD_FULL\LAYOUT_PLUS\library\TO.llb
Fri Dec 05 13:24:15 Loaded file D:\ORCAD 9.2\ORCAD_FULL\LAYOUT_PLUS\library\TRAINING.LLB
Fri Dec 05 13:24:15 Loaded file D:\ORCAD 9.2\ORCAD_FULL\LAYOUT_PLUS\library\VRES.llb
Fri Dec 05 13:24:15 Loaded file D:\ORCAD 9.2\ORCAD_FULL\LAYOUT_PLUS\library\WCON100T.llb
Fri Dec 05 13:24:15 Loaded file D:\ORCAD 9.2\ORCAD_FULL\LAYOUT_PLUS\library\XT.llb
Fri Dec 05 13:24:15 Loaded file D:\ORCAD 9.2\ORCAD_FULL\LAYOUT_PLUS\library\ZIGZAG.llb
Fri Dec 05 13:24:15 Saved as file C:\USERS\DAN\DOCUMENTS\GITHUB\SOLAR_PANEL_MONITORING\SPMON_2025\PRJ.HW\ORCAD_SCHEMATIC_LAYOUT\SPMON_SLAVEBOARD\SPMON_SLAVEBOARD.MAX
Fri Dec 05 13:24:15 Loaded file C:\USERS\DAN\DOCUMENTS\GITHUB\SOLAR_PANEL_MONITORING\SPMON_2025\PRJ.HW\ORCAD_SCHEMATIC_LAYOUT\SPMON_SLAVEBOARD\SPMON_SLAVEBOARD.MAX
Fri Dec 05 13:34:43 Saved as file C:\USERS\DAN\DOCUMENTS\GITHUB\SOLAR_PANEL_MONITORING\SPMON_2025\PRJ.HW\ORCAD_SCHEMATIC_LAYOUT\SPMON_SLAVEBOARD\SPMON_SLAVEBOARD.MAX
Fri Dec 05 13:34:43 Saved as file BACKUP1.MAX
Fri Dec 05 13:34:43 Saved as file C:\USERS\DAN\DOCUMENTS\GITHUB\SOLAR_PANEL_MONITORING\SPMON_2025\PRJ.HW\ORCAD_SCHEMATIC_LAYOUT\SPMON_SLAVEBOARD\SPMON_SLAVEBOARD.MAX
Fri Dec 05 13:34:43 UserDiv from Layout.INI for AutoECO: 60
Fri Dec 05 13:34:43 Loaded file C:\USERS\DAN\DOCUMENTS\GITHUB\SOLAR_PANEL_MONITORING\SPMON_2025\PRJ.HW\ORCAD_SCHEMATIC_LAYOUT\SPMON_SLAVEBOARD\SPMON_SLAVEBOARD.MAX
Fri Dec 05 13:34:43 Loaded file D:\ORCAD 9.2\ORCAD_FULL\LAYOUT_PLUS\library\BCON100T.llb
Fri Dec 05 13:34:43 Loaded file D:\ORCAD 9.2\ORCAD_FULL\LAYOUT_PLUS\library\BCON156T.llb
Fri Dec 05 13:34:43 Loaded file D:\ORCAD 9.2\ORCAD_FULL\LAYOUT_PLUS\library\BGA.llb
Fri Dec 05 13:34:43 Loaded file D:\ORCAD 9.2\ORCAD_FULL\LAYOUT_PLUS\library\CLCC.llb
Fri Dec 05 13:34:43 Loaded file D:\ORCAD 9.2\ORCAD_FULL\LAYOUT_PLUS\library\DCON050T.llb
Fri Dec 05 13:34:43 Loaded file D:\ORCAD 9.2\ORCAD_FULL\LAYOUT_PLUS\library\DCON085T.llb
Fri Dec 05 13:34:43 Loaded file D:\ORCAD 9.2\ORCAD_FULL\LAYOUT_PLUS\library\DIMM050F.llb
Fri Dec 05 13:34:43 Loaded file D:\ORCAD 9.2\ORCAD_FULL\LAYOUT_PLUS\library\DIMM050T.llb
Fri Dec 05 13:34:43 Loaded file D:\ORCAD 9.2\ORCAD_FULL\LAYOUT_PLUS\library\DIN.llb
Fri Dec 05 13:34:43 Loaded file D:\ORCAD 9.2\ORCAD_FULL\LAYOUT_PLUS\library\DIP100B.llb
Fri Dec 05 13:34:43 Loaded file D:\ORCAD 9.2\ORCAD_FULL\LAYOUT_PLUS\library\DIP100T.llb
Fri Dec 05 13:34:43 Loaded file D:\ORCAD 9.2\ORCAD_FULL\LAYOUT_PLUS\library\DSUBT.llb
Fri Dec 05 13:34:43 Loaded file D:\ORCAD 9.2\ORCAD_FULL\LAYOUT_PLUS\library\DSUBT_HD.LLB
Fri Dec 05 13:34:43 Loaded file D:\ORCAD 9.2\ORCAD_FULL\LAYOUT_PLUS\library\ECON100T.llb
Fri Dec 05 13:34:43 Loaded file D:\ORCAD 9.2\ORCAD_FULL\LAYOUT_PLUS\library\FBUS.llb
Fri Dec 05 13:34:43 Loaded file D:\ORCAD 9.2\ORCAD_FULL\LAYOUT_PLUS\library\ISA.llb
Fri Dec 05 13:34:43 Loaded file D:\ORCAD 9.2\ORCAD_FULL\LAYOUT_PLUS\library\JUMPER.LLB
Fri Dec 05 13:34:43 Loaded file D:\ORCAD 9.2\ORCAD_FULL\LAYOUT_PLUS\library\LAYOUT.llb
Fri Dec 05 13:34:43 Loaded file D:\ORCAD 9.2\ORCAD_FULL\LAYOUT_PLUS\library\LCON100T.llb
Fri Dec 05 13:34:43 Loaded file D:\ORCAD 9.2\ORCAD_FULL\LAYOUT_PLUS\library\PC104.llb
Fri Dec 05 13:34:43 Loaded file D:\ORCAD 9.2\ORCAD_FULL\LAYOUT_PLUS\library\PCI.llb
Fri Dec 05 13:34:43 Loaded file D:\ORCAD 9.2\ORCAD_FULL\LAYOUT_PLUS\library\PCON100T.llb
Fri Dec 05 13:34:43 Loaded file D:\ORCAD 9.2\ORCAD_FULL\LAYOUT_PLUS\library\PCON156T.llb
Fri Dec 05 13:34:43 Loaded file D:\ORCAD 9.2\ORCAD_FULL\LAYOUT_PLUS\library\PGA.llb
Fri Dec 05 13:34:43 Loaded file D:\ORCAD 9.2\ORCAD_FULL\LAYOUT_PLUS\library\PLCC.llb
Fri Dec 05 13:34:43 Loaded file D:\ORCAD 9.2\ORCAD_FULL\LAYOUT_PLUS\library\QUAD.llb
Fri Dec 05 13:34:43 Loaded file D:\ORCAD 9.2\ORCAD_FULL\LAYOUT_PLUS\library\QUADB.llb
Fri Dec 05 13:34:43 Loaded file D:\ORCAD 9.2\ORCAD_FULL\LAYOUT_PLUS\library\RELAY.llb
Fri Dec 05 13:34:43 Loaded file D:\ORCAD 9.2\ORCAD_FULL\LAYOUT_PLUS\library\RF.llb
Fri Dec 05 13:34:43 Loaded file D:\ORCAD 9.2\ORCAD_FULL\LAYOUT_PLUS\library\SBUS.llb
Fri Dec 05 13:34:43 Loaded file D:\ORCAD 9.2\ORCAD_FULL\LAYOUT_PLUS\library\SIMM050F.llb
Fri Dec 05 13:34:43 Loaded file D:\ORCAD 9.2\ORCAD_FULL\LAYOUT_PLUS\library\SIMM050T.llb
Fri Dec 05 13:34:43 Loaded file D:\ORCAD 9.2\ORCAD_FULL\LAYOUT_PLUS\library\SIMM100F.llb
Fri Dec 05 13:34:43 Loaded file D:\ORCAD 9.2\ORCAD_FULL\LAYOUT_PLUS\library\SIMM100T.llb
Fri Dec 05 13:34:43 Loaded file D:\ORCAD 9.2\ORCAD_FULL\LAYOUT_PLUS\library\SIP.llb
Fri Dec 05 13:34:43 Loaded file D:\ORCAD 9.2\ORCAD_FULL\LAYOUT_PLUS\library\SM.llb
Fri Dec 05 13:34:43 Loaded file D:\ORCAD 9.2\ORCAD_FULL\LAYOUT_PLUS\library\SOG.llb
Fri Dec 05 13:34:43 Loaded file D:\ORCAD 9.2\ORCAD_FULL\LAYOUT_PLUS\library\SOJ.llb
Fri Dec 05 13:34:43 Loaded file D:\ORCAD 9.2\ORCAD_FULL\LAYOUT_PLUS\library\STIFF.llb
Fri Dec 05 13:34:43 Loaded file D:\ORCAD 9.2\ORCAD_FULL\LAYOUT_PLUS\library\TELE.llb
Fri Dec 05 13:34:43 Loaded file D:\ORCAD 9.2\ORCAD_FULL\LAYOUT_PLUS\library\TM_AXIAL.llb
Fri Dec 05 13:34:43 Loaded file D:\ORCAD 9.2\ORCAD_FULL\LAYOUT_PLUS\library\TM_CAP_P.llb
Fri Dec 05 13:34:43 Loaded file D:\ORCAD 9.2\ORCAD_FULL\LAYOUT_PLUS\library\TM_CYLND.llb
Fri Dec 05 13:34:43 Loaded file D:\ORCAD 9.2\ORCAD_FULL\LAYOUT_PLUS\library\TM_DIODE.llb
Fri Dec 05 13:34:43 Loaded file D:\ORCAD 9.2\ORCAD_FULL\LAYOUT_PLUS\library\TM_DISC.llb
Fri Dec 05 13:34:43 Loaded file D:\ORCAD 9.2\ORCAD_FULL\LAYOUT_PLUS\library\TM_RAD.llb
Fri Dec 05 13:34:43 Loaded file D:\ORCAD 9.2\ORCAD_FULL\LAYOUT_PLUS\library\TO.llb
Fri Dec 05 13:34:43 Loaded file D:\ORCAD 9.2\ORCAD_FULL\LAYOUT_PLUS\library\TRAINING.LLB
Fri Dec 05 13:34:43 Loaded file D:\ORCAD 9.2\ORCAD_FULL\LAYOUT_PLUS\library\VRES.llb
Fri Dec 05 13:34:43 Loaded file D:\ORCAD 9.2\ORCAD_FULL\LAYOUT_PLUS\library\WCON100T.llb
Fri Dec 05 13:34:43 Loaded file D:\ORCAD 9.2\ORCAD_FULL\LAYOUT_PLUS\library\XT.llb
Fri Dec 05 13:34:43 Loaded file D:\ORCAD 9.2\ORCAD_FULL\LAYOUT_PLUS\library\ZIGZAG.llb
Fri Dec 05 13:34:43 Library file not found:USER.PRT
Fri Dec 05 13:34:43 Library file not found:USER.PRT
Fri Dec 05 13:35:07 Library file not found:USER.PRT
Fri Dec 05 13:35:16 Library file not found:USER.PRT
Fri Dec 05 13:35:19 Loaded file D:\ORCAD 9.2\ORCAD_FULL\LAYOUT_PLUS\data\template.imp
Fri Dec 05 13:35:19 Loaded file D:\ORCAD 9.2\ORCAD_FULL\LAYOUT_PLUS\data\template.imp
Fri Dec 05 13:35:21 Loaded file D:\ORCAD 9.2\ORCAD_FULL\LAYOUT_PLUS\library\BGA.llb
Fri Dec 05 13:35:22 Loaded file D:\ORCAD 9.2\ORCAD_FULL\LAYOUT_PLUS\library\CLCC.llb
Fri Dec 05 13:35:31 Loaded file D:\ORCAD 9.2\ORCAD_FULL\LAYOUT_PLUS\library\ECON100T.llb
Fri Dec 05 13:35:34 Loaded file D:\ORCAD 9.2\ORCAD_FULL\LAYOUT_PLUS\library\JUMPER.LLB
Fri Dec 05 13:35:35 Loaded file D:\ORCAD 9.2\ORCAD_FULL\LAYOUT_PLUS\data\template.imp
Fri Dec 05 13:35:36 Loaded file D:\ORCAD 9.2\ORCAD_FULL\LAYOUT_PLUS\data\template.imp
Fri Dec 05 13:35:37 Loaded file D:\ORCAD 9.2\ORCAD_FULL\LAYOUT_PLUS\data\template.imp
Fri Dec 05 13:35:37 Loaded file D:\ORCAD 9.2\ORCAD_FULL\LAYOUT_PLUS\data\template.imp
Fri Dec 05 13:35:38 Loaded file D:\ORCAD 9.2\ORCAD_FULL\LAYOUT_PLUS\data\template.imp
Fri Dec 05 13:35:38 Loaded file D:\ORCAD 9.2\ORCAD_FULL\LAYOUT_PLUS\data\template.imp
Fri Dec 05 13:35:38 Loaded file D:\ORCAD 9.2\ORCAD_FULL\LAYOUT_PLUS\data\template.imp
Fri Dec 05 13:35:40 Loaded file D:\ORCAD 9.2\ORCAD_FULL\LAYOUT_PLUS\library\LAYOUT.llb
Fri Dec 05 13:35:41 Loaded file D:\ORCAD 9.2\ORCAD_FULL\LAYOUT_PLUS\data\template.imp
Fri Dec 05 13:35:41 Loaded file D:\ORCAD 9.2\ORCAD_FULL\LAYOUT_PLUS\data\template.imp
Fri Dec 05 13:35:43 Loaded file D:\ORCAD 9.2\ORCAD_FULL\LAYOUT_PLUS\data\template.imp
Fri Dec 05 13:35:44 Loaded file D:\ORCAD 9.2\ORCAD_FULL\LAYOUT_PLUS\library\PC104.llb
Fri Dec 05 13:35:44 Loaded file D:\ORCAD 9.2\ORCAD_FULL\LAYOUT_PLUS\library\LCON100T.llb
Fri Dec 05 13:35:45 Loaded file D:\ORCAD 9.2\ORCAD_FULL\LAYOUT_PLUS\library\PCI.llb
Fri Dec 05 13:35:45 Loaded file D:\ORCAD 9.2\ORCAD_FULL\LAYOUT_PLUS\library\PCON100T.llb
Fri Dec 05 13:35:46 Loaded file D:\ORCAD 9.2\ORCAD_FULL\LAYOUT_PLUS\library\PCON156T.llb
Fri Dec 05 13:35:46 Loaded file D:\ORCAD 9.2\ORCAD_FULL\LAYOUT_PLUS\library\PGA.llb
Fri Dec 05 13:35:47 Loaded file D:\ORCAD 9.2\ORCAD_FULL\LAYOUT_PLUS\library\RELAY.llb
Fri Dec 05 13:35:48 Loaded file D:\ORCAD 9.2\ORCAD_FULL\LAYOUT_PLUS\data\template.imp
Fri Dec 05 13:35:49 Loaded file D:\ORCAD 9.2\ORCAD_FULL\LAYOUT_PLUS\data\template.imp
Fri Dec 05 13:35:49 Loaded file D:\ORCAD 9.2\ORCAD_FULL\LAYOUT_PLUS\data\template.imp
Fri Dec 05 13:35:55 Loaded file D:\ORCAD 9.2\ORCAD_FULL\LAYOUT_PLUS\data\template.imp
Fri Dec 05 13:35:55 Loaded file D:\ORCAD 9.2\ORCAD_FULL\LAYOUT_PLUS\data\template.imp
Fri Dec 05 13:35:57 Loaded file D:\ORCAD 9.2\ORCAD_FULL\LAYOUT_PLUS\data\template.imp
Fri Dec 05 13:36:00 Loaded file D:\ORCAD 9.2\ORCAD_FULL\LAYOUT_PLUS\library\DIN.llb
Fri Dec 05 13:36:01 Loaded file D:\ORCAD 9.2\ORCAD_FULL\LAYOUT_PLUS\data\template.imp
Fri Dec 05 13:36:01 Loaded file D:\ORCAD 9.2\ORCAD_FULL\LAYOUT_PLUS\data\template.imp
Fri Dec 05 13:36:02 Loaded file D:\ORCAD 9.2\ORCAD_FULL\LAYOUT_PLUS\data\template.imp
Fri Dec 05 13:36:03 Loaded file D:\ORCAD 9.2\ORCAD_FULL\LAYOUT_PLUS\data\template.imp
Fri Dec 05 13:36:04 Loaded file D:\ORCAD 9.2\ORCAD_FULL\LAYOUT_PLUS\data\template.imp
Fri Dec 05 13:36:06 Loaded file D:\ORCAD 9.2\ORCAD_FULL\LAYOUT_PLUS\library\DIP100B.llb
Fri Dec 05 13:36:07 Loaded file D:\ORCAD 9.2\ORCAD_FULL\LAYOUT_PLUS\data\template.imp
Fri Dec 05 13:36:08 Loaded file D:\ORCAD 9.2\ORCAD_FULL\LAYOUT_PLUS\data\template.imp
Fri Dec 05 13:36:08 Loaded file D:\ORCAD 9.2\ORCAD_FULL\LAYOUT_PLUS\data\template.imp
Fri Dec 05 13:36:09 Loaded file D:\ORCAD 9.2\ORCAD_FULL\LAYOUT_PLUS\library\DIP100T.llb
Fri Dec 05 13:36:10 Loaded file D:\ORCAD 9.2\ORCAD_FULL\LAYOUT_PLUS\data\template.imp
Fri Dec 05 13:36:10 Loaded file D:\ORCAD 9.2\ORCAD_FULL\LAYOUT_PLUS\data\template.imp
Fri Dec 05 13:36:11 Loaded file D:\ORCAD 9.2\ORCAD_FULL\LAYOUT_PLUS\data\template.imp
Fri Dec 05 13:36:13 Loaded file D:\ORCAD 9.2\ORCAD_FULL\LAYOUT_PLUS\library\DSUBT.llb
Fri Dec 05 13:36:14 Loaded file D:\ORCAD 9.2\ORCAD_FULL\LAYOUT_PLUS\library\DSUBT_HD.LLB
Fri Dec 05 13:36:15 Loaded file D:\ORCAD 9.2\ORCAD_FULL\LAYOUT_PLUS\library\ECON100T.llb
Fri Dec 05 13:36:15 Loaded file D:\ORCAD 9.2\ORCAD_FULL\LAYOUT_PLUS\library\FBUS.llb
Fri Dec 05 13:36:16 Loaded file D:\ORCAD 9.2\ORCAD_FULL\LAYOUT_PLUS\data\template.imp
Fri Dec 05 13:36:17 Loaded file D:\ORCAD 9.2\ORCAD_FULL\LAYOUT_PLUS\data\template.imp
Fri Dec 05 13:36:17 Loaded file D:\ORCAD 9.2\ORCAD_FULL\LAYOUT_PLUS\data\template.imp
Fri Dec 05 13:36:18 Loaded file D:\ORCAD 9.2\ORCAD_FULL\LAYOUT_PLUS\data\template.imp
Fri Dec 05 13:36:20 Loaded file D:\ORCAD 9.2\ORCAD_FULL\LAYOUT_PLUS\library\LAYOUT.llb
Fri Dec 05 13:36:21 Loaded file D:\ORCAD 9.2\ORCAD_FULL\LAYOUT_PLUS\data\template.imp
Fri Dec 05 13:36:21 Loaded file D:\ORCAD 9.2\ORCAD_FULL\LAYOUT_PLUS\data\template.imp
Fri Dec 05 13:36:21 Loaded file D:\ORCAD 9.2\ORCAD_FULL\LAYOUT_PLUS\data\template.imp
Fri Dec 05 13:36:22 Loaded file D:\ORCAD 9.2\ORCAD_FULL\LAYOUT_PLUS\data\template.imp
Fri Dec 05 13:36:23 Loaded file D:\ORCAD 9.2\ORCAD_FULL\LAYOUT_PLUS\data\template.imp
Fri Dec 05 13:36:25 Loaded file D:\ORCAD 9.2\ORCAD_FULL\LAYOUT_PLUS\library\PC104.llb
Fri Dec 05 13:36:26 Loaded file D:\ORCAD 9.2\ORCAD_FULL\LAYOUT_PLUS\data\template.imp
Fri Dec 05 13:36:26 Loaded file D:\ORCAD 9.2\ORCAD_FULL\LAYOUT_PLUS\data\template.imp
Fri Dec 05 13:36:28 Loaded file D:\ORCAD 9.2\ORCAD_FULL\LAYOUT_PLUS\library\PCI.llb
Fri Dec 05 13:36:29 Loaded file D:\ORCAD 9.2\ORCAD_FULL\LAYOUT_PLUS\data\template.imp
Fri Dec 05 13:36:29 Loaded file D:\ORCAD 9.2\ORCAD_FULL\LAYOUT_PLUS\data\template.imp
Fri Dec 05 13:36:30 Loaded file D:\ORCAD 9.2\ORCAD_FULL\LAYOUT_PLUS\library\PCON100T.llb
Fri Dec 05 13:36:31 Loaded file D:\ORCAD 9.2\ORCAD_FULL\LAYOUT_PLUS\library\PCON156T.llb
Fri Dec 05 13:36:32 Loaded file D:\ORCAD 9.2\ORCAD_FULL\LAYOUT_PLUS\library\PGA.llb
Fri Dec 05 13:36:32 Loaded file D:\ORCAD 9.2\ORCAD_FULL\LAYOUT_PLUS\library\PLCC.llb
Fri Dec 05 13:36:33 Loaded file D:\ORCAD 9.2\ORCAD_FULL\LAYOUT_PLUS\library\QUAD.llb
Fri Dec 05 13:36:33 Loaded file D:\ORCAD 9.2\ORCAD_FULL\LAYOUT_PLUS\library\QUADB.llb
Fri Dec 05 13:36:39 Loaded file D:\ORCAD 9.2\ORCAD_FULL\LAYOUT_PLUS\library\FBUS.llb
Fri Dec 05 13:36:41 Loaded file D:\ORCAD 9.2\ORCAD_FULL\LAYOUT_PLUS\library\PCI.llb
Fri Dec 05 13:36:44 Library file not found:USER.PRT
Fri Dec 05 13:36:44 Library file not found:USER.PRT
Fri Dec 05 13:36:46 Library file not found:USER.PRT
Fri Dec 05 13:36:46 Library file not found:USER.PRT
Fri Dec 05 13:36:46 Library file not found:USER.PRT
Fri Dec 05 13:36:46 Library file not found:USER.PRT
Fri Dec 05 13:36:47 Library file not found:USER.PRT
Fri Dec 05 13:36:47 Library file not found:USER.PRT
Fri Dec 05 13:36:47 Library file not found:USER.PRT
Fri Dec 05 13:36:47 Library file not found:USER.PRT
Fri Dec 05 13:36:47 Library file not found:USER.PRT
Fri Dec 05 13:36:47 Library file not found:USER.PRT
Fri Dec 05 13:36:51 Library file not found:USER.PRT
Fri Dec 05 13:37:06 Loaded file C:\USERS\DAN\DOCUMENTS\GITHUB\SOLAR_PANEL_MONITORING\SPMON_2025\PRJ.HW\ORCAD_SCHEMATIC_LAYOUT\SPMON_SLAVEBOARD\SPMON_SLAVEBOARD.MAX
Fri Dec 05 13:37:06 Saved as file C:\USERS\DAN\DOCUMENTS\GITHUB\SOLAR_PANEL_MONITORING\SPMON_2025\PRJ.HW\ORCAD_SCHEMATIC_LAYOUT\SPMON_SLAVEBOARD\SPMON_SLAVEBOARD.MAX
Fri Dec 05 13:37:06 Loaded file C:\USERS\DAN\DOCUMENTS\GITHUB\SOLAR_PANEL_MONITORING\SPMON_2025\PRJ.HW\ORCAD_SCHEMATIC_LAYOUT\SPMON_SLAVEBOARD\SPMON_SLAVEBOARD.MAX
Fri Dec 05 13:37:15 Saved as file BACKUP1.MAX
Fri Dec 05 13:37:15 Saved as file C:\USERS\DAN\DOCUMENTS\GITHUB\SOLAR_PANEL_MONITORING\SPMON_2025\PRJ.HW\ORCAD_SCHEMATIC_LAYOUT\SPMON_SLAVEBOARD\SPMON_SLAVEBOARD.MAX
Fri Dec 05 13:37:15 UserDiv from Layout.INI for AutoECO: 60
Fri Dec 05 13:37:15 Loaded file C:\USERS\DAN\DOCUMENTS\GITHUB\SOLAR_PANEL_MONITORING\SPMON_2025\PRJ.HW\ORCAD_SCHEMATIC_LAYOUT\SPMON_SLAVEBOARD\SPMON_SLAVEBOARD.MAX
Fri Dec 05 13:37:15 Loaded file D:\ORCAD 9.2\ORCAD_FULL\LAYOUT_PLUS\library\BCON100T.llb
Fri Dec 05 13:37:15 Loaded file D:\ORCAD 9.2\ORCAD_FULL\LAYOUT_PLUS\library\BCON156T.llb
Fri Dec 05 13:37:15 Loaded file D:\ORCAD 9.2\ORCAD_FULL\LAYOUT_PLUS\library\BGA.llb
Fri Dec 05 13:37:15 Loaded file D:\ORCAD 9.2\ORCAD_FULL\LAYOUT_PLUS\library\CLCC.llb
Fri Dec 05 13:37:15 Loaded file D:\ORCAD 9.2\ORCAD_FULL\LAYOUT_PLUS\library\DCON050T.llb
Fri Dec 05 13:37:15 Loaded file D:\ORCAD 9.2\ORCAD_FULL\LAYOUT_PLUS\library\DCON085T.llb
Fri Dec 05 13:37:15 Loaded file D:\ORCAD 9.2\ORCAD_FULL\LAYOUT_PLUS\library\DIMM050F.llb
Fri Dec 05 13:37:15 Loaded file D:\ORCAD 9.2\ORCAD_FULL\LAYOUT_PLUS\library\DIMM050T.llb
Fri Dec 05 13:37:15 Loaded file D:\ORCAD 9.2\ORCAD_FULL\LAYOUT_PLUS\library\DIN.llb
Fri Dec 05 13:37:15 Loaded file D:\ORCAD 9.2\ORCAD_FULL\LAYOUT_PLUS\library\DIP100B.llb
Fri Dec 05 13:37:15 Loaded file D:\ORCAD 9.2\ORCAD_FULL\LAYOUT_PLUS\library\DIP100T.llb
Fri Dec 05 13:37:15 Loaded file D:\ORCAD 9.2\ORCAD_FULL\LAYOUT_PLUS\library\DSUBT.llb
Fri Dec 05 13:37:15 Loaded file D:\ORCAD 9.2\ORCAD_FULL\LAYOUT_PLUS\library\DSUBT_HD.LLB
Fri Dec 05 13:37:15 Loaded file D:\ORCAD 9.2\ORCAD_FULL\LAYOUT_PLUS\library\ECON100T.llb
Fri Dec 05 13:37:15 Loaded file D:\ORCAD 9.2\ORCAD_FULL\LAYOUT_PLUS\library\FBUS.llb
Fri Dec 05 13:37:15 Loaded file D:\ORCAD 9.2\ORCAD_FULL\LAYOUT_PLUS\library\ISA.llb
Fri Dec 05 13:37:15 Loaded file D:\ORCAD 9.2\ORCAD_FULL\LAYOUT_PLUS\library\JUMPER.LLB
Fri Dec 05 13:37:15 Loaded file D:\ORCAD 9.2\ORCAD_FULL\LAYOUT_PLUS\library\LAYOUT.llb
Fri Dec 05 13:37:15 Loaded file D:\ORCAD 9.2\ORCAD_FULL\LAYOUT_PLUS\library\LCON100T.llb
Fri Dec 05 13:37:15 Loaded file D:\ORCAD 9.2\ORCAD_FULL\LAYOUT_PLUS\library\PC104.llb
Fri Dec 05 13:37:15 Loaded file D:\ORCAD 9.2\ORCAD_FULL\LAYOUT_PLUS\library\PCI.llb
Fri Dec 05 13:37:15 Loaded file D:\ORCAD 9.2\ORCAD_FULL\LAYOUT_PLUS\library\PCON100T.llb
Fri Dec 05 13:37:15 Loaded file D:\ORCAD 9.2\ORCAD_FULL\LAYOUT_PLUS\library\PCON156T.llb
Fri Dec 05 13:37:15 Loaded file D:\ORCAD 9.2\ORCAD_FULL\LAYOUT_PLUS\library\PGA.llb
Fri Dec 05 13:37:15 Loaded file D:\ORCAD 9.2\ORCAD_FULL\LAYOUT_PLUS\library\PLCC.llb
Fri Dec 05 13:37:15 Loaded file D:\ORCAD 9.2\ORCAD_FULL\LAYOUT_PLUS\library\QUAD.llb
Fri Dec 05 13:37:15 Loaded file D:\ORCAD 9.2\ORCAD_FULL\LAYOUT_PLUS\library\QUADB.llb
Fri Dec 05 13:37:15 Loaded file D:\ORCAD 9.2\ORCAD_FULL\LAYOUT_PLUS\library\RELAY.llb
Fri Dec 05 13:37:15 Loaded file D:\ORCAD 9.2\ORCAD_FULL\LAYOUT_PLUS\library\RF.llb
Fri Dec 05 13:37:15 Loaded file D:\ORCAD 9.2\ORCAD_FULL\LAYOUT_PLUS\library\SBUS.llb
Fri Dec 05 13:37:15 Loaded file D:\ORCAD 9.2\ORCAD_FULL\LAYOUT_PLUS\library\SIMM050F.llb
Fri Dec 05 13:37:15 Loaded file D:\ORCAD 9.2\ORCAD_FULL\LAYOUT_PLUS\library\SIMM050T.llb
Fri Dec 05 13:37:15 Loaded file D:\ORCAD 9.2\ORCAD_FULL\LAYOUT_PLUS\library\SIMM100F.llb
Fri Dec 05 13:37:15 Loaded file D:\ORCAD 9.2\ORCAD_FULL\LAYOUT_PLUS\library\SIMM100T.llb
Fri Dec 05 13:37:15 Loaded file D:\ORCAD 9.2\ORCAD_FULL\LAYOUT_PLUS\library\SIP.llb
Fri Dec 05 13:37:15 Loaded file D:\ORCAD 9.2\ORCAD_FULL\LAYOUT_PLUS\library\SM.llb
Fri Dec 05 13:37:15 Loaded file D:\ORCAD 9.2\ORCAD_FULL\LAYOUT_PLUS\library\SOG.llb
Fri Dec 05 13:37:15 Loaded file D:\ORCAD 9.2\ORCAD_FULL\LAYOUT_PLUS\library\SOJ.llb
Fri Dec 05 13:37:15 Loaded file D:\ORCAD 9.2\ORCAD_FULL\LAYOUT_PLUS\library\STIFF.llb
Fri Dec 05 13:37:15 Loaded file D:\ORCAD 9.2\ORCAD_FULL\LAYOUT_PLUS\library\TELE.llb
Fri Dec 05 13:37:15 Loaded file D:\ORCAD 9.2\ORCAD_FULL\LAYOUT_PLUS\library\TM_AXIAL.llb
Fri Dec 05 13:37:15 Loaded file D:\ORCAD 9.2\ORCAD_FULL\LAYOUT_PLUS\library\TM_CAP_P.llb
Fri Dec 05 13:37:15 Loaded file D:\ORCAD 9.2\ORCAD_FULL\LAYOUT_PLUS\library\TM_CYLND.llb
Fri Dec 05 13:37:15 Loaded file D:\ORCAD 9.2\ORCAD_FULL\LAYOUT_PLUS\library\TM_DIODE.llb
Fri Dec 05 13:37:15 Loaded file D:\ORCAD 9.2\ORCAD_FULL\LAYOUT_PLUS\library\TM_DISC.llb
Fri Dec 05 13:37:15 Loaded file D:\ORCAD 9.2\ORCAD_FULL\LAYOUT_PLUS\library\TM_RAD.llb
Fri Dec 05 13:37:15 Loaded file D:\ORCAD 9.2\ORCAD_FULL\LAYOUT_PLUS\library\TO.llb
Fri Dec 05 13:37:15 Loaded file D:\ORCAD 9.2\ORCAD_FULL\LAYOUT_PLUS\library\TRAINING.LLB
Fri Dec 05 13:37:15 Loaded file D:\ORCAD 9.2\ORCAD_FULL\LAYOUT_PLUS\library\VRES.llb
Fri Dec 05 13:37:15 Loaded file D:\ORCAD 9.2\ORCAD_FULL\LAYOUT_PLUS\library\WCON100T.llb
Fri Dec 05 13:37:15 Loaded file D:\ORCAD 9.2\ORCAD_FULL\LAYOUT_PLUS\library\XT.llb
Fri Dec 05 13:37:15 Loaded file D:\ORCAD 9.2\ORCAD_FULL\LAYOUT_PLUS\library\ZIGZAG.llb
Fri Dec 05 13:37:16 Saved as file C:\USERS\DAN\DOCUMENTS\GITHUB\SOLAR_PANEL_MONITORING\SPMON_2025\PRJ.HW\ORCAD_SCHEMATIC_LAYOUT\SPMON_SLAVEBOARD\SPMON_SLAVEBOARD.MAX
Fri Dec 05 13:37:16 Loaded file C:\USERS\DAN\DOCUMENTS\GITHUB\SOLAR_PANEL_MONITORING\SPMON_2025\PRJ.HW\ORCAD_SCHEMATIC_LAYOUT\SPMON_SLAVEBOARD\SPMON_SLAVEBOARD.MAX
Fri Dec 05 14:50:27 Warning: Token too long
Fri Dec 05 14:50:27 Error on line 0 near V7.00
Fri Dec 05 15:15:40 Saved as file C:\USERS\DAN\DOCUMENTS\GITHUB\SOLAR_PANEL_MONITORING\SPMON_2025\PRJ.HW\ORCAD_SCHEMATIC_LAYOUT\SPMON_SLAVEBOARD\SPMON_SLAVEBOARD.MAX
Fri Dec 05 15:15:40 Saved as file BACKUP1.MAX
Fri Dec 05 15:15:40 Saved as file C:\USERS\DAN\DOCUMENTS\GITHUB\SOLAR_PANEL_MONITORING\SPMON_2025\PRJ.HW\ORCAD_SCHEMATIC_LAYOUT\SPMON_SLAVEBOARD\SPMON_SLAVEBOARD.MAX
Fri Dec 05 15:15:40 UserDiv from Layout.INI for AutoECO: 60
Fri Dec 05 15:15:40 Loaded file C:\USERS\DAN\DOCUMENTS\GITHUB\SOLAR_PANEL_MONITORING\SPMON_2025\PRJ.HW\ORCAD_SCHEMATIC_LAYOUT\SPMON_SLAVEBOARD\SPMON_SLAVEBOARD.MAX
Fri Dec 05 15:15:40 Loaded file D:\ORCAD 9.2\ORCAD_FULL\LAYOUT_PLUS\library\BCON100T.llb
Fri Dec 05 15:15:40 Loaded file D:\ORCAD 9.2\ORCAD_FULL\LAYOUT_PLUS\library\BCON156T.llb
Fri Dec 05 15:15:40 Loaded file D:\ORCAD 9.2\ORCAD_FULL\LAYOUT_PLUS\library\BGA.llb
Fri Dec 05 15:15:40 Loaded file D:\ORCAD 9.2\ORCAD_FULL\LAYOUT_PLUS\library\CLCC.llb
Fri Dec 05 15:15:40 Loaded file D:\ORCAD 9.2\ORCAD_FULL\LAYOUT_PLUS\library\DCON050T.llb
Fri Dec 05 15:15:40 Loaded file D:\ORCAD 9.2\ORCAD_FULL\LAYOUT_PLUS\library\DCON085T.llb
Fri Dec 05 15:15:40 Loaded file D:\ORCAD 9.2\ORCAD_FULL\LAYOUT_PLUS\library\DIMM050F.llb
Fri Dec 05 15:15:40 Loaded file D:\ORCAD 9.2\ORCAD_FULL\LAYOUT_PLUS\library\DIMM050T.llb
Fri Dec 05 15:15:40 Loaded file D:\ORCAD 9.2\ORCAD_FULL\LAYOUT_PLUS\library\DIN.llb
Fri Dec 05 15:15:40 Loaded file D:\ORCAD 9.2\ORCAD_FULL\LAYOUT_PLUS\library\DIP100B.llb
Fri Dec 05 15:15:40 Loaded file D:\ORCAD 9.2\ORCAD_FULL\LAYOUT_PLUS\library\DIP100T.llb
Fri Dec 05 15:15:40 Loaded file D:\ORCAD 9.2\ORCAD_FULL\LAYOUT_PLUS\library\DSUBT.llb
Fri Dec 05 15:15:40 Loaded file D:\ORCAD 9.2\ORCAD_FULL\LAYOUT_PLUS\library\DSUBT_HD.LLB
Fri Dec 05 15:15:40 Loaded file D:\ORCAD 9.2\ORCAD_FULL\LAYOUT_PLUS\library\ECON100T.llb
Fri Dec 05 15:15:40 Loaded file D:\ORCAD 9.2\ORCAD_FULL\LAYOUT_PLUS\library\FBUS.llb
Fri Dec 05 15:15:40 Loaded file D:\ORCAD 9.2\ORCAD_FULL\LAYOUT_PLUS\library\ISA.llb
Fri Dec 05 15:15:40 Loaded file D:\ORCAD 9.2\ORCAD_FULL\LAYOUT_PLUS\library\JUMPER.LLB
Fri Dec 05 15:15:40 Loaded file D:\ORCAD 9.2\ORCAD_FULL\LAYOUT_PLUS\library\LAYOUT.llb
Fri Dec 05 15:15:40 Loaded file D:\ORCAD 9.2\ORCAD_FULL\LAYOUT_PLUS\library\LCON100T.llb
Fri Dec 05 15:15:40 Loaded file D:\ORCAD 9.2\ORCAD_FULL\LAYOUT_PLUS\library\PC104.llb
Fri Dec 05 15:15:40 Loaded file D:\ORCAD 9.2\ORCAD_FULL\LAYOUT_PLUS\library\PCI.llb
Fri Dec 05 15:15:40 Loaded file D:\ORCAD 9.2\ORCAD_FULL\LAYOUT_PLUS\library\PCON100T.llb
Fri Dec 05 15:15:40 Loaded file D:\ORCAD 9.2\ORCAD_FULL\LAYOUT_PLUS\library\PCON156T.llb
Fri Dec 05 15:15:40 Loaded file D:\ORCAD 9.2\ORCAD_FULL\LAYOUT_PLUS\library\PGA.llb
Fri Dec 05 15:15:40 Loaded file D:\ORCAD 9.2\ORCAD_FULL\LAYOUT_PLUS\library\PLCC.llb
Fri Dec 05 15:15:40 Loaded file D:\ORCAD 9.2\ORCAD_FULL\LAYOUT_PLUS\library\QUAD.llb
Fri Dec 05 15:15:40 Loaded file D:\ORCAD 9.2\ORCAD_FULL\LAYOUT_PLUS\library\QUADB.llb
Fri Dec 05 15:15:40 Loaded file D:\ORCAD 9.2\ORCAD_FULL\LAYOUT_PLUS\library\RELAY.llb
Fri Dec 05 15:15:40 Loaded file D:\ORCAD 9.2\ORCAD_FULL\LAYOUT_PLUS\library\RF.llb
Fri Dec 05 15:15:40 Loaded file D:\ORCAD 9.2\ORCAD_FULL\LAYOUT_PLUS\library\SBUS.llb
Fri Dec 05 15:15:40 Loaded file D:\ORCAD 9.2\ORCAD_FULL\LAYOUT_PLUS\library\SIMM050F.llb
Fri Dec 05 15:15:40 Loaded file D:\ORCAD 9.2\ORCAD_FULL\LAYOUT_PLUS\library\SIMM050T.llb
Fri Dec 05 15:15:40 Loaded file D:\ORCAD 9.2\ORCAD_FULL\LAYOUT_PLUS\library\SIMM100F.llb
Fri Dec 05 15:15:40 Loaded file D:\ORCAD 9.2\ORCAD_FULL\LAYOUT_PLUS\library\SIMM100T.llb
Fri Dec 05 15:15:40 Loaded file D:\ORCAD 9.2\ORCAD_FULL\LAYOUT_PLUS\library\SIP.llb
Fri Dec 05 15:15:40 Loaded file D:\ORCAD 9.2\ORCAD_FULL\LAYOUT_PLUS\library\SM.llb
Fri Dec 05 15:15:40 Loaded file D:\ORCAD 9.2\ORCAD_FULL\LAYOUT_PLUS\library\SOG.llb
Fri Dec 05 15:15:40 Loaded file D:\ORCAD 9.2\ORCAD_FULL\LAYOUT_PLUS\library\SOJ.llb
Fri Dec 05 15:15:40 Loaded file D:\ORCAD 9.2\ORCAD_FULL\LAYOUT_PLUS\library\STIFF.llb
Fri Dec 05 15:15:40 Loaded file D:\ORCAD 9.2\ORCAD_FULL\LAYOUT_PLUS\library\TELE.llb
Fri Dec 05 15:15:40 Loaded file D:\ORCAD 9.2\ORCAD_FULL\LAYOUT_PLUS\library\TM_AXIAL.llb
Fri Dec 05 15:15:40 Loaded file D:\ORCAD 9.2\ORCAD_FULL\LAYOUT_PLUS\library\TM_CAP_P.llb
Fri Dec 05 15:15:40 Loaded file D:\ORCAD 9.2\ORCAD_FULL\LAYOUT_PLUS\library\TM_CYLND.llb
Fri Dec 05 15:15:40 Loaded file D:\ORCAD 9.2\ORCAD_FULL\LAYOUT_PLUS\library\TM_DIODE.llb
Fri Dec 05 15:15:40 Loaded file D:\ORCAD 9.2\ORCAD_FULL\LAYOUT_PLUS\library\TM_DISC.llb
Fri Dec 05 15:15:40 Loaded file D:\ORCAD 9.2\ORCAD_FULL\LAYOUT_PLUS\library\TM_RAD.llb
Fri Dec 05 15:15:40 Loaded file D:\ORCAD 9.2\ORCAD_FULL\LAYOUT_PLUS\library\TO.llb
Fri Dec 05 15:15:40 Loaded file D:\ORCAD 9.2\ORCAD_FULL\LAYOUT_PLUS\library\TRAINING.LLB
Fri Dec 05 15:15:40 Loaded file D:\ORCAD 9.2\ORCAD_FULL\LAYOUT_PLUS\library\VRES.llb
Fri Dec 05 15:15:40 Loaded file D:\ORCAD 9.2\ORCAD_FULL\LAYOUT_PLUS\library\WCON100T.llb
Fri Dec 05 15:15:40 Loaded file D:\ORCAD 9.2\ORCAD_FULL\LAYOUT_PLUS\library\XT.llb
Fri Dec 05 15:15:40 Loaded file D:\ORCAD 9.2\ORCAD_FULL\LAYOUT_PLUS\library\ZIGZAG.llb
Fri Dec 05 15:15:40 Library file not found:USER.PRT
Fri Dec 05 15:15:40 Library file not found:USER.PRT
Fri Dec 05 15:17:44 Loaded file D:\ORCAD 9.2\ORCAD_FULL\LAYOUT_PLUS\data\template.imp
Fri Dec 05 15:17:44 Loaded file D:\ORCAD 9.2\ORCAD_FULL\LAYOUT_PLUS\data\template.imp
Fri Dec 05 15:17:51 Loaded file D:\ORCAD 9.2\ORCAD_FULL\LAYOUT_PLUS\data\template.imp
Fri Dec 05 15:17:51 Loaded file D:\ORCAD 9.2\ORCAD_FULL\LAYOUT_PLUS\data\template.imp
Fri Dec 05 15:19:52 Loaded file D:\ORCAD 9.2\ORCAD_FULL\LAYOUT_PLUS\library\DIP100B.llb
Fri Dec 05 15:19:53 Loaded file D:\ORCAD 9.2\ORCAD_FULL\LAYOUT_PLUS\data\template.imp
Fri Dec 05 15:19:54 Loaded file D:\ORCAD 9.2\ORCAD_FULL\LAYOUT_PLUS\data\template.imp
Fri Dec 05 15:19:56 Loaded file D:\ORCAD 9.2\ORCAD_FULL\LAYOUT_PLUS\library\DSUBT.llb
Fri Dec 05 15:19:57 Loaded file D:\ORCAD 9.2\ORCAD_FULL\LAYOUT_PLUS\data\template.imp
Fri Dec 05 15:19:57 Loaded file D:\ORCAD 9.2\ORCAD_FULL\LAYOUT_PLUS\data\template.imp
Fri Dec 05 15:19:59 Loaded file D:\ORCAD 9.2\ORCAD_FULL\LAYOUT_PLUS\library\DIN.llb
Fri Dec 05 15:20:00 Loaded file D:\ORCAD 9.2\ORCAD_FULL\LAYOUT_PLUS\data\template.imp
Fri Dec 05 15:20:01 Loaded file D:\ORCAD 9.2\ORCAD_FULL\LAYOUT_PLUS\data\template.imp
Fri Dec 05 15:20:01 Loaded file D:\ORCAD 9.2\ORCAD_FULL\LAYOUT_PLUS\data\template.imp
Fri Dec 05 15:20:06 Loaded file D:\ORCAD 9.2\ORCAD_FULL\LAYOUT_PLUS\data\template.imp
Fri Dec 05 15:20:07 Loaded file D:\ORCAD 9.2\ORCAD_FULL\LAYOUT_PLUS\data\template.imp
Fri Dec 05 15:20:07 Loaded file D:\ORCAD 9.2\ORCAD_FULL\LAYOUT_PLUS\data\template.imp
Fri Dec 05 15:20:14 Loaded file D:\ORCAD 9.2\ORCAD_FULL\LAYOUT_PLUS\library\CLCC.llb
Fri Dec 05 15:25:36 Saved as file BACKUP1.MAX
Fri Dec 05 15:35:20 Library file not found:USER.PRT
Fri Dec 05 15:35:20 Library file not found:USER.PRT
Fri Dec 05 15:35:21 Library file not found:USER.PRT
Fri Dec 05 15:35:21 Library file not found:USER.PRT
Fri Dec 05 15:35:21 Library file not found:USER.PRT
Fri Dec 05 15:35:21 Library file not found:USER.PRT
Fri Dec 05 15:35:22 Library file not found:USER.PRT
Fri Dec 05 15:35:22 Library file not found:USER.PRT
Fri Dec 05 15:35:23 Library file not found:USER.PRT
Fri Dec 05 15:35:26 Library file not found:USER.PRT
Fri Dec 05 15:35:26 Library file not found:USER.PRT
Fri Dec 05 15:35:29 Library file not found:USER.PRT
Fri Dec 05 15:35:29 Library file not found:USER.PRT
Fri Dec 05 15:35:32 Loaded file C:\USERS\DAN\DOCUMENTS\GITHUB\SOLAR_PANEL_MONITORING\SPMON_2025\PRJ.HW\ORCAD_SCHEMATIC_LAYOUT\SPMON_SLAVEBOARD\SPMON_SLAVEBOARD.MAX
Fri Dec 05 15:35:32 Saved as file C:\USERS\DAN\DOCUMENTS\GITHUB\SOLAR_PANEL_MONITORING\SPMON_2025\PRJ.HW\ORCAD_SCHEMATIC_LAYOUT\SPMON_SLAVEBOARD\SPMON_SLAVEBOARD.MAX
Fri Dec 05 15:35:32 Loaded file C:\USERS\DAN\DOCUMENTS\GITHUB\SOLAR_PANEL_MONITORING\SPMON_2025\PRJ.HW\ORCAD_SCHEMATIC_LAYOUT\SPMON_SLAVEBOARD\SPMON_SLAVEBOARD.MAX
Fri Dec 05 15:35:45 Loaded file d:\orcad 9.2\ORCAD_FULL\Layout_Plus\data\DEFAULT.MAX
Fri Dec 05 15:36:36 Saved as file BACKUP1.MAX
Fri Dec 05 15:46:36 Saved as file BACKUP1.MAX
Fri Dec 05 15:55:53 Loaded file d:\orcad 9.2\ORCAD_FULL\Layout_Plus\data\template.imp
Fri Dec 05 15:55:53 Loaded file d:\orcad 9.2\ORCAD_FULL\Layout_Plus\data\template.imp
Fri Dec 05 15:56:00 Loaded file d:\orcad 9.2\ORCAD_FULL\Layout_Plus\library\JUMPER.LLB
Fri Dec 05 15:56:00 Loaded file d:\orcad 9.2\ORCAD_FULL\Layout_Plus\library\LAYOUT.llb
Fri Dec 05 15:56:01 Loaded file d:\orcad 9.2\ORCAD_FULL\Layout_Plus\data\template.imp
Fri Dec 05 15:56:36 Loaded file d:\orcad 9.2\ORCAD_FULL\Layout_Plus\library\LAYOUT.llb
Fri Dec 05 15:56:36 Saved as file d:\orcad 9.2\ORCAD_FULL\Layout_Plus\library\LAYOUT.llb
Fri Dec 05 15:56:36 Loaded file d:\orcad 9.2\ORCAD_FULL\Layout_Plus\data\template.imp
Fri Dec 05 15:56:39 Loaded file d:\orcad 9.2\ORCAD_FULL\Layout_Plus\data\template.imp
Fri Dec 05 15:56:45 Loaded file d:\orcad 9.2\ORCAD_FULL\Layout_Plus\library\LAYOUT.llb
Fri Dec 05 15:56:45 Saved as file d:\orcad 9.2\ORCAD_FULL\Layout_Plus\library\LAYOUT.llb
Fri Dec 05 15:56:45 Loaded file d:\orcad 9.2\ORCAD_FULL\Layout_Plus\data\template.imp
Fri Dec 05 17:18:13 Saved as file C:\USERS\DAN\DOCUMENTS\GITHUB\SOLAR_PANEL_MONITORING\SPMON_2025\PRJ.HW\ORCAD_SCHEMATIC_LAYOUT\SPMON_SLAVEBOARD\SPMON_SLAVEBOARD.MAX
Fri Dec 05 17:18:13 Saved as file BACKUP1.MAX
Fri Dec 05 17:18:13 Saved as file C:\USERS\DAN\DOCUMENTS\GITHUB\SOLAR_PANEL_MONITORING\SPMON_2025\PRJ.HW\ORCAD_SCHEMATIC_LAYOUT\SPMON_SLAVEBOARD\SPMON_SLAVEBOARD.MAX
Fri Dec 05 17:18:13 UserDiv from Layout.INI for AutoECO: 60
Fri Dec 05 17:18:13 Loaded file C:\USERS\DAN\DOCUMENTS\GITHUB\SOLAR_PANEL_MONITORING\SPMON_2025\PRJ.HW\ORCAD_SCHEMATIC_LAYOUT\SPMON_SLAVEBOARD\SPMON_SLAVEBOARD.MAX
Fri Dec 05 17:18:13 Loaded file D:\ORCAD 9.2\ORCAD_FULL\LAYOUT_PLUS\library\BCON100T.llb
Fri Dec 05 17:18:13 Loaded file D:\ORCAD 9.2\ORCAD_FULL\LAYOUT_PLUS\library\BCON156T.llb
Fri Dec 05 17:18:13 Loaded file D:\ORCAD 9.2\ORCAD_FULL\LAYOUT_PLUS\library\BGA.llb
Fri Dec 05 17:18:13 Loaded file D:\ORCAD 9.2\ORCAD_FULL\LAYOUT_PLUS\library\CLCC.llb
Fri Dec 05 17:18:13 Loaded file D:\ORCAD 9.2\ORCAD_FULL\LAYOUT_PLUS\library\DCON050T.llb
Fri Dec 05 17:18:13 Loaded file D:\ORCAD 9.2\ORCAD_FULL\LAYOUT_PLUS\library\DCON085T.llb
Fri Dec 05 17:18:13 Loaded file D:\ORCAD 9.2\ORCAD_FULL\LAYOUT_PLUS\library\DIMM050F.llb
Fri Dec 05 17:18:13 Loaded file D:\ORCAD 9.2\ORCAD_FULL\LAYOUT_PLUS\library\DIMM050T.llb
Fri Dec 05 17:18:13 Loaded file D:\ORCAD 9.2\ORCAD_FULL\LAYOUT_PLUS\library\DIN.llb
Fri Dec 05 17:18:13 Loaded file D:\ORCAD 9.2\ORCAD_FULL\LAYOUT_PLUS\library\DIP100B.llb
Fri Dec 05 17:18:13 Loaded file D:\ORCAD 9.2\ORCAD_FULL\LAYOUT_PLUS\library\DIP100T.llb
Fri Dec 05 17:18:13 Loaded file D:\ORCAD 9.2\ORCAD_FULL\LAYOUT_PLUS\library\DSUBT.llb
Fri Dec 05 17:18:13 Loaded file D:\ORCAD 9.2\ORCAD_FULL\LAYOUT_PLUS\library\DSUBT_HD.LLB
Fri Dec 05 17:18:13 Loaded file D:\ORCAD 9.2\ORCAD_FULL\LAYOUT_PLUS\library\ECON100T.llb
Fri Dec 05 17:18:13 Loaded file D:\ORCAD 9.2\ORCAD_FULL\LAYOUT_PLUS\library\FBUS.llb
Fri Dec 05 17:18:13 Loaded file D:\ORCAD 9.2\ORCAD_FULL\LAYOUT_PLUS\library\ISA.llb
Fri Dec 05 17:18:13 Loaded file D:\ORCAD 9.2\ORCAD_FULL\LAYOUT_PLUS\library\JUMPER.LLB
Fri Dec 05 17:18:13 Loaded file D:\ORCAD 9.2\ORCAD_FULL\LAYOUT_PLUS\library\LAYOUT.llb
Fri Dec 05 17:18:13 Loaded file D:\ORCAD 9.2\ORCAD_FULL\LAYOUT_PLUS\library\LCON100T.llb
Fri Dec 05 17:18:13 Loaded file D:\ORCAD 9.2\ORCAD_FULL\LAYOUT_PLUS\library\PC104.llb
Fri Dec 05 17:18:13 Loaded file D:\ORCAD 9.2\ORCAD_FULL\LAYOUT_PLUS\library\PCI.llb
Fri Dec 05 17:18:13 Loaded file D:\ORCAD 9.2\ORCAD_FULL\LAYOUT_PLUS\library\PCON100T.llb
Fri Dec 05 17:18:13 Loaded file D:\ORCAD 9.2\ORCAD_FULL\LAYOUT_PLUS\library\PCON156T.llb
Fri Dec 05 17:18:13 Loaded file D:\ORCAD 9.2\ORCAD_FULL\LAYOUT_PLUS\library\PGA.llb
Fri Dec 05 17:18:13 Loaded file D:\ORCAD 9.2\ORCAD_FULL\LAYOUT_PLUS\library\PLCC.llb
Fri Dec 05 17:18:13 Loaded file D:\ORCAD 9.2\ORCAD_FULL\LAYOUT_PLUS\library\QUAD.llb
Fri Dec 05 17:18:13 Loaded file D:\ORCAD 9.2\ORCAD_FULL\LAYOUT_PLUS\library\QUADB.llb
Fri Dec 05 17:18:13 Loaded file D:\ORCAD 9.2\ORCAD_FULL\LAYOUT_PLUS\library\RELAY.llb
Fri Dec 05 17:18:13 Loaded file D:\ORCAD 9.2\ORCAD_FULL\LAYOUT_PLUS\library\RF.llb
Fri Dec 05 17:18:13 Loaded file D:\ORCAD 9.2\ORCAD_FULL\LAYOUT_PLUS\library\SBUS.llb
Fri Dec 05 17:18:13 Loaded file D:\ORCAD 9.2\ORCAD_FULL\LAYOUT_PLUS\library\SIMM050F.llb
Fri Dec 05 17:18:13 Loaded file D:\ORCAD 9.2\ORCAD_FULL\LAYOUT_PLUS\library\SIMM050T.llb
Fri Dec 05 17:18:13 Loaded file D:\ORCAD 9.2\ORCAD_FULL\LAYOUT_PLUS\library\SIMM100F.llb
Fri Dec 05 17:18:13 Loaded file D:\ORCAD 9.2\ORCAD_FULL\LAYOUT_PLUS\library\SIMM100T.llb
Fri Dec 05 17:18:13 Loaded file D:\ORCAD 9.2\ORCAD_FULL\LAYOUT_PLUS\library\SIP.llb
Fri Dec 05 17:18:13 Loaded file D:\ORCAD 9.2\ORCAD_FULL\LAYOUT_PLUS\library\SM.llb
Fri Dec 05 17:18:13 Loaded file D:\ORCAD 9.2\ORCAD_FULL\LAYOUT_PLUS\library\SOG.llb
Fri Dec 05 17:18:13 Loaded file D:\ORCAD 9.2\ORCAD_FULL\LAYOUT_PLUS\library\SOJ.llb
Fri Dec 05 17:18:13 Loaded file D:\ORCAD 9.2\ORCAD_FULL\LAYOUT_PLUS\library\STIFF.llb
Fri Dec 05 17:18:13 Loaded file D:\ORCAD 9.2\ORCAD_FULL\LAYOUT_PLUS\library\TELE.llb
Fri Dec 05 17:18:13 Loaded file D:\ORCAD 9.2\ORCAD_FULL\LAYOUT_PLUS\library\TM_AXIAL.llb
Fri Dec 05 17:18:13 Loaded file D:\ORCAD 9.2\ORCAD_FULL\LAYOUT_PLUS\library\TM_CAP_P.llb
Fri Dec 05 17:18:13 Loaded file D:\ORCAD 9.2\ORCAD_FULL\LAYOUT_PLUS\library\TM_CYLND.llb
Fri Dec 05 17:18:13 Loaded file D:\ORCAD 9.2\ORCAD_FULL\LAYOUT_PLUS\library\TM_DIODE.llb
Fri Dec 05 17:18:13 Loaded file D:\ORCAD 9.2\ORCAD_FULL\LAYOUT_PLUS\library\TM_DISC.llb
Fri Dec 05 17:18:13 Loaded file D:\ORCAD 9.2\ORCAD_FULL\LAYOUT_PLUS\library\TM_RAD.llb
Fri Dec 05 17:18:13 Loaded file D:\ORCAD 9.2\ORCAD_FULL\LAYOUT_PLUS\library\TO.llb
Fri Dec 05 17:18:13 Loaded file D:\ORCAD 9.2\ORCAD_FULL\LAYOUT_PLUS\library\TRAINING.LLB
Fri Dec 05 17:18:13 Loaded file D:\ORCAD 9.2\ORCAD_FULL\LAYOUT_PLUS\library\VRES.llb
Fri Dec 05 17:18:13 Loaded file D:\ORCAD 9.2\ORCAD_FULL\LAYOUT_PLUS\library\WCON100T.llb
Fri Dec 05 17:18:13 Loaded file D:\ORCAD 9.2\ORCAD_FULL\LAYOUT_PLUS\library\XT.llb
Fri Dec 05 17:18:13 Loaded file D:\ORCAD 9.2\ORCAD_FULL\LAYOUT_PLUS\library\ZIGZAG.llb
Fri Dec 05 17:18:13 Library file not found:USER.PRT
Fri Dec 05 17:18:13 Library file not found:USER.PRT
Fri Dec 05 17:18:24 Loaded file D:\ORCAD 9.2\ORCAD_FULL\LAYOUT_PLUS\data\template.imp
Fri Dec 05 17:18:24 Loaded file D:\ORCAD 9.2\ORCAD_FULL\LAYOUT_PLUS\data\template.imp
Fri Dec 05 17:18:34 Loaded file D:\ORCAD 9.2\ORCAD_FULL\LAYOUT_PLUS\library\BCON100T.llb
Fri Dec 05 17:18:37 Loaded file D:\ORCAD 9.2\ORCAD_FULL\LAYOUT_PLUS\data\template.imp
Fri Dec 05 17:18:43 Loaded file D:\ORCAD 9.2\ORCAD_FULL\LAYOUT_PLUS\data\template.imp
Fri Dec 05 17:18:46 Loaded file D:\ORCAD 9.2\ORCAD_FULL\LAYOUT_PLUS\data\template.imp
Fri Dec 05 17:18:47 Loaded file D:\ORCAD 9.2\ORCAD_FULL\LAYOUT_PLUS\library\BCON100T.llb
Fri Dec 05 17:18:59 Loaded file D:\ORCAD 9.2\ORCAD_FULL\LAYOUT_PLUS\data\DEFAULT.MAX
Fri Dec 05 17:18:59 Loaded file D:\ORCAD 9.2\ORCAD_FULL\LAYOUT_PLUS\data\template.imp
Fri Dec 05 17:18:59 Loaded file D:\ORCAD 9.2\ORCAD_FULL\LAYOUT_PLUS\data\template.imp
Fri Dec 05 17:28:00 Loaded file C:\USERS\DAN\DOCUMENTS\GITHUB\SOLAR_PANEL_MONITORING\SPMON_2025\PRJ.HW\ORCAD_SCHEMATIC_LAYOUT\SPMON_SLAVEBOARD\SPMON_SLAVEBOARD.MAX
Fri Dec 05 17:28:00 Saved as file C:\USERS\DAN\DOCUMENTS\GITHUB\SOLAR_PANEL_MONITORING\SPMON_2025\PRJ.HW\ORCAD_SCHEMATIC_LAYOUT\SPMON_SLAVEBOARD\SPMON_SLAVEBOARD.MAX
Fri Dec 05 17:28:00 Loaded file C:\USERS\DAN\DOCUMENTS\GITHUB\SOLAR_PANEL_MONITORING\SPMON_2025\PRJ.HW\ORCAD_SCHEMATIC_LAYOUT\SPMON_SLAVEBOARD\SPMON_SLAVEBOARD.MAX
