Tue Dec 09 12:32:03 Saved as file C:\USERS\DAN\DOCUMENTS\GITHUB\SOLAR_PANEL_MONITORING\SPMON_2025\PRJ.HW\ORCAD_SCHEMATIC_LAYOUT\SPMON_MASTERBOARD\LAYOUT\SPMON_MASTERBOARD.MAX
Tue Dec 09 12:32:03 Saved as file BACKUP1.MAX
Tue Dec 09 12:32:03 Saved as file C:\USERS\DAN\DOCUMENTS\GITHUB\SOLAR_PANEL_MONITORING\SPMON_2025\PRJ.HW\ORCAD_SCHEMATIC_LAYOUT\SPMON_MASTERBOARD\LAYOUT\SPMON_MASTERBOARD.MAX
Tue Dec 09 12:32:03 UserDiv from Layout.INI for AutoECO: 60
Tue Dec 09 12:32:03 Loaded file C:\USERS\DAN\DOCUMENTS\GITHUB\SOLAR_PANEL_MONITORING\SPMON_2025\PRJ.HW\ORCAD_SCHEMATIC_LAYOUT\SPMON_MASTERBOARD\LAYOUT\SPMON_MASTERBOARD.MAX
Tue Dec 09 12:32:03 Loaded file D:\ORCAD 9.2\ORCAD_FULL\LAYOUT_PLUS\LIBRARY\SPMON.LLB
Tue Dec 09 12:32:03 Loaded file d:\orcad 9.2\ORCAD_FULL\Layout_Plus\library\BCON100T.llb
Tue Dec 09 12:32:03 Loaded file d:\orcad 9.2\ORCAD_FULL\Layout_Plus\library\BCON156T.llb
Tue Dec 09 12:32:03 Loaded file d:\orcad 9.2\ORCAD_FULL\Layout_Plus\library\BGA.llb
Tue Dec 09 12:32:03 Loaded file d:\orcad 9.2\ORCAD_FULL\Layout_Plus\library\CLCC.llb
Tue Dec 09 12:32:03 Loaded file d:\orcad 9.2\ORCAD_FULL\Layout_Plus\library\DCON050T.llb
Tue Dec 09 12:32:03 Loaded file d:\orcad 9.2\ORCAD_FULL\Layout_Plus\library\DCON085T.llb
Tue Dec 09 12:32:03 Loaded file d:\orcad 9.2\ORCAD_FULL\Layout_Plus\library\DIMM050F.llb
Tue Dec 09 12:32:03 Loaded file d:\orcad 9.2\ORCAD_FULL\Layout_Plus\library\DIMM050T.llb
Tue Dec 09 12:32:03 Loaded file d:\orcad 9.2\ORCAD_FULL\Layout_Plus\library\DIN.llb
Tue Dec 09 12:32:03 Loaded file d:\orcad 9.2\ORCAD_FULL\Layout_Plus\library\DIP100B.llb
Tue Dec 09 12:32:03 Loaded file d:\orcad 9.2\ORCAD_FULL\Layout_Plus\library\DIP100T.llb
Tue Dec 09 12:32:03 Loaded file d:\orcad 9.2\ORCAD_FULL\Layout_Plus\library\DSUBT.llb
Tue Dec 09 12:32:03 Loaded file d:\orcad 9.2\ORCAD_FULL\Layout_Plus\library\DSUBT_HD.LLB
Tue Dec 09 12:32:03 Loaded file d:\orcad 9.2\ORCAD_FULL\Layout_Plus\library\ECON100T.llb
Tue Dec 09 12:32:03 Loaded file d:\orcad 9.2\ORCAD_FULL\Layout_Plus\library\FBUS.llb
Tue Dec 09 12:32:03 Loaded file d:\orcad 9.2\ORCAD_FULL\Layout_Plus\library\ISA.llb
Tue Dec 09 12:32:03 Loaded file d:\orcad 9.2\ORCAD_FULL\Layout_Plus\library\JUMPER.LLB
Tue Dec 09 12:32:03 Loaded file d:\orcad 9.2\ORCAD_FULL\Layout_Plus\library\LAYOUT.llb
Tue Dec 09 12:32:03 Loaded file d:\orcad 9.2\ORCAD_FULL\Layout_Plus\library\LCON100T.llb
Tue Dec 09 12:32:03 Loaded file d:\orcad 9.2\ORCAD_FULL\Layout_Plus\library\PC104.llb
Tue Dec 09 12:32:03 Loaded file d:\orcad 9.2\ORCAD_FULL\Layout_Plus\library\PCI.llb
Tue Dec 09 12:32:03 Loaded file d:\orcad 9.2\ORCAD_FULL\Layout_Plus\library\PCON100T.llb
Tue Dec 09 12:32:03 Loaded file d:\orcad 9.2\ORCAD_FULL\Layout_Plus\library\PCON156T.llb
Tue Dec 09 12:32:03 Loaded file d:\orcad 9.2\ORCAD_FULL\Layout_Plus\library\PGA.llb
Tue Dec 09 12:32:03 Loaded file d:\orcad 9.2\ORCAD_FULL\Layout_Plus\library\PLCC.llb
Tue Dec 09 12:32:03 Loaded file d:\orcad 9.2\ORCAD_FULL\Layout_Plus\library\QUAD.llb
Tue Dec 09 12:32:03 Loaded file d:\orcad 9.2\ORCAD_FULL\Layout_Plus\library\QUADB.llb
Tue Dec 09 12:32:03 Loaded file d:\orcad 9.2\ORCAD_FULL\Layout_Plus\library\RELAY.llb
Tue Dec 09 12:32:03 Loaded file d:\orcad 9.2\ORCAD_FULL\Layout_Plus\library\RF.llb
Tue Dec 09 12:32:03 Loaded file d:\orcad 9.2\ORCAD_FULL\Layout_Plus\library\SBUS.llb
Tue Dec 09 12:32:03 Loaded file d:\orcad 9.2\ORCAD_FULL\Layout_Plus\library\SIMM050F.llb
Tue Dec 09 12:32:03 Loaded file d:\orcad 9.2\ORCAD_FULL\Layout_Plus\library\SIMM050T.llb
Tue Dec 09 12:32:03 Loaded file d:\orcad 9.2\ORCAD_FULL\Layout_Plus\library\SIMM100F.llb
Tue Dec 09 12:32:03 Loaded file d:\orcad 9.2\ORCAD_FULL\Layout_Plus\library\SIMM100T.llb
Tue Dec 09 12:32:03 Loaded file d:\orcad 9.2\ORCAD_FULL\Layout_Plus\library\SIP.llb
Tue Dec 09 12:32:03 Loaded file d:\orcad 9.2\ORCAD_FULL\Layout_Plus\library\SM.llb
Tue Dec 09 12:32:03 Loaded file d:\orcad 9.2\ORCAD_FULL\Layout_Plus\library\SOG.llb
Tue Dec 09 12:32:03 Loaded file d:\orcad 9.2\ORCAD_FULL\Layout_Plus\library\SOJ.llb
Tue Dec 09 12:32:03 Loaded file d:\orcad 9.2\ORCAD_FULL\Layout_Plus\library\STIFF.llb
Tue Dec 09 12:32:03 Loaded file d:\orcad 9.2\ORCAD_FULL\Layout_Plus\library\TELE.llb
Tue Dec 09 12:32:03 Loaded file d:\orcad 9.2\ORCAD_FULL\Layout_Plus\library\TM_AXIAL.llb
Tue Dec 09 12:32:03 Loaded file d:\orcad 9.2\ORCAD_FULL\Layout_Plus\library\TM_CAP_P.llb
Tue Dec 09 12:32:03 Loaded file d:\orcad 9.2\ORCAD_FULL\Layout_Plus\library\TM_CYLND.llb
Tue Dec 09 12:32:03 Loaded file d:\orcad 9.2\ORCAD_FULL\Layout_Plus\library\TM_DIODE.llb
Tue Dec 09 12:32:03 Loaded file d:\orcad 9.2\ORCAD_FULL\Layout_Plus\library\TM_DISC.llb
Tue Dec 09 12:32:03 Loaded file d:\orcad 9.2\ORCAD_FULL\Layout_Plus\library\TM_RAD.llb
Tue Dec 09 12:32:03 Loaded file d:\orcad 9.2\ORCAD_FULL\Layout_Plus\library\TO.llb
Tue Dec 09 12:32:03 Loaded file d:\orcad 9.2\ORCAD_FULL\Layout_Plus\library\TRAINING.LLB
Tue Dec 09 12:32:03 Loaded file d:\orcad 9.2\ORCAD_FULL\Layout_Plus\library\VRES.llb
Tue Dec 09 12:32:03 Loaded file d:\orcad 9.2\ORCAD_FULL\Layout_Plus\library\WCON100T.llb
Tue Dec 09 12:32:03 Loaded file d:\orcad 9.2\ORCAD_FULL\Layout_Plus\library\XT.llb
Tue Dec 09 12:32:03 Loaded file d:\orcad 9.2\ORCAD_FULL\Layout_Plus\library\ZIGZAG.llb
Tue Dec 09 12:32:04 Loaded file D:\ORCAD 9.2\ORCAD_FULL\LAYOUT_PLUS\LIBRARY\SPMON.LLB
Tue Dec 09 12:32:04 Loaded file D:\ORCAD 9.2\ORCAD_FULL\LAYOUT_PLUS\LIBRARY\SPMON.LLB
Tue Dec 09 12:32:04 Saved as file C:\USERS\DAN\DOCUMENTS\GITHUB\SOLAR_PANEL_MONITORING\SPMON_2025\PRJ.HW\ORCAD_SCHEMATIC_LAYOUT\SPMON_MASTERBOARD\LAYOUT\SPMON_MASTERBOARD.MAX
Tue Dec 09 12:32:04 Loaded file C:\USERS\DAN\DOCUMENTS\GITHUB\SOLAR_PANEL_MONITORING\SPMON_2025\PRJ.HW\ORCAD_SCHEMATIC_LAYOUT\SPMON_MASTERBOARD\LAYOUT\SPMON_MASTERBOARD.MAX
Tue Dec 09 12:42:10 Saved as file BACKUP1.MAX
